2019-08-29 21:43:00.899 [restartedMain] INFO  com.payProject.application - Starting application on DESKTOP-7NQ821V with PID 7108 (C:\Users\ADMIN\git\new\payproduct\parProject\target\classes started by ADMIN in C:\Users\ADMIN\git\new\payproduct\parProject)
2019-08-29 21:43:00.914 [restartedMain] INFO  com.payProject.application - No active profile set, falling back to default profiles: default
2019-08-29 21:43:01.016 [restartedMain] INFO  o.s.b.d.env.DevToolsPropertyDefaultsPostProcessor - Devtools property defaults active! Set 'spring.devtools.add-properties' to 'false' to disable
2019-08-29 21:43:01.018 [restartedMain] INFO  o.s.b.d.env.DevToolsPropertyDefaultsPostProcessor - For additional web related logging consider setting the 'logging.level.web' property to 'DEBUG'
2019-08-29 21:43:03.779 [restartedMain] INFO  o.s.d.r.config.RepositoryConfigurationDelegate - Multiple Spring Data modules found, entering strict repository configuration mode!
2019-08-29 21:43:03.782 [restartedMain] INFO  o.s.d.r.config.RepositoryConfigurationDelegate - Bootstrapping Spring Data repositories in DEFAULT mode.
2019-08-29 21:43:03.839 [restartedMain] INFO  o.s.d.r.config.RepositoryConfigurationDelegate - Finished Spring Data repository scanning in 44ms. Found 0 repository interfaces.
2019-08-29 21:43:03.866 [restartedMain] INFO  o.s.d.r.config.RepositoryConfigurationDelegate - Multiple Spring Data modules found, entering strict repository configuration mode!
2019-08-29 21:43:03.868 [restartedMain] INFO  o.s.d.r.config.RepositoryConfigurationDelegate - Bootstrapping Spring Data repositories in DEFAULT mode.
2019-08-29 21:43:03.920 [restartedMain] INFO  o.s.d.r.config.RepositoryConfigurationDelegate - Finished Spring Data repository scanning in 36ms. Found 0 repository interfaces.
2019-08-29 21:43:04.608 [restartedMain] INFO  o.s.c.s.PostProcessorRegistrationDelegate$BeanPostProcessorChecker - Bean 'org.springframework.transaction.annotation.ProxyTransactionManagementConfiguration' of type [org.springframework.transaction.annotation.ProxyTransactionManagementConfiguration$$EnhancerBySpringCGLIB$$1de12f05] is not eligible for getting processed by all BeanPostProcessors (for example: not eligible for auto-proxying)
2019-08-29 21:43:04.968 [restartedMain] INFO  o.s.c.s.PostProcessorRegistrationDelegate$BeanPostProcessorChecker - Bean 'redisConfig' of type [com.payProject.config.redis.RedisConfig$$EnhancerBySpringCGLIB$$2d2cc318] is not eligible for getting processed by all BeanPostProcessors (for example: not eligible for auto-proxying)
2019-08-29 21:43:05.010 [restartedMain] INFO  o.s.c.s.PostProcessorRegistrationDelegate$BeanPostProcessorChecker - Bean 'shiroConfig' of type [com.payProject.system.shiro.ShiroConfig$$EnhancerBySpringCGLIB$$a68a9e51] is not eligible for getting processed by all BeanPostProcessors (for example: not eligible for auto-proxying)
2019-08-29 21:43:05.432 [restartedMain] INFO  o.s.c.s.PostProcessorRegistrationDelegate$BeanPostProcessorChecker - Bean 'org.springframework.boot.autoconfigure.data.redis.RedisAutoConfiguration' of type [org.springframework.boot.autoconfigure.data.redis.RedisAutoConfiguration$$EnhancerBySpringCGLIB$$13785a41] is not eligible for getting processed by all BeanPostProcessors (for example: not eligible for auto-proxying)
2019-08-29 21:43:05.479 [restartedMain] INFO  o.s.c.s.PostProcessorRegistrationDelegate$BeanPostProcessorChecker - Bean 'spring.redis-org.springframework.boot.autoconfigure.data.redis.RedisProperties' of type [org.springframework.boot.autoconfigure.data.redis.RedisProperties] is not eligible for getting processed by all BeanPostProcessors (for example: not eligible for auto-proxying)
2019-08-29 21:43:05.488 [restartedMain] INFO  o.s.c.s.PostProcessorRegistrationDelegate$BeanPostProcessorChecker - Bean 'org.springframework.boot.autoconfigure.data.redis.LettuceConnectionConfiguration' of type [org.springframework.boot.autoconfigure.data.redis.LettuceConnectionConfiguration$$EnhancerBySpringCGLIB$$32faed4f] is not eligible for getting processed by all BeanPostProcessors (for example: not eligible for auto-proxying)
2019-08-29 21:43:05.756 [restartedMain] INFO  o.s.c.s.PostProcessorRegistrationDelegate$BeanPostProcessorChecker - Bean 'lettuceClientResources' of type [io.lettuce.core.resource.DefaultClientResources] is not eligible for getting processed by all BeanPostProcessors (for example: not eligible for auto-proxying)
2019-08-29 21:43:05.907 [restartedMain] INFO  o.s.c.s.PostProcessorRegistrationDelegate$BeanPostProcessorChecker - Bean 'redisConnectionFactory' of type [org.springframework.data.redis.connection.lettuce.LettuceConnectionFactory] is not eligible for getting processed by all BeanPostProcessors (for example: not eligible for auto-proxying)
2019-08-29 21:43:05.936 [restartedMain] INFO  o.s.c.s.PostProcessorRegistrationDelegate$BeanPostProcessorChecker - Bean 'stringRedisTemplate' of type [org.springframework.data.redis.core.StringRedisTemplate] is not eligible for getting processed by all BeanPostProcessors (for example: not eligible for auto-proxying)
2019-08-29 21:43:05.984 [restartedMain] INFO  o.s.c.s.PostProcessorRegistrationDelegate$BeanPostProcessorChecker - Bean 'MyHashedCredentialsMatcher' of type [com.payProject.system.shiro.MyHashedCredentialsMatcher] is not eligible for getting processed by all BeanPostProcessors (for example: not eligible for auto-proxying)
2019-08-29 21:43:06.006 [restartedMain] INFO  o.s.c.s.PostProcessorRegistrationDelegate$BeanPostProcessorChecker - Bean 'mybatis-org.mybatis.spring.boot.autoconfigure.MybatisProperties' of type [org.mybatis.spring.boot.autoconfigure.MybatisProperties] is not eligible for getting processed by all BeanPostProcessors (for example: not eligible for auto-proxying)
2019-08-29 21:43:06.012 [restartedMain] INFO  o.s.c.s.PostProcessorRegistrationDelegate$BeanPostProcessorChecker - Bean 'org.mybatis.spring.boot.autoconfigure.MybatisAutoConfiguration' of type [org.mybatis.spring.boot.autoconfigure.MybatisAutoConfiguration$$EnhancerBySpringCGLIB$$50b58035] is not eligible for getting processed by all BeanPostProcessors (for example: not eligible for auto-proxying)
2019-08-29 21:43:06.015 [restartedMain] INFO  o.s.c.s.PostProcessorRegistrationDelegate$BeanPostProcessorChecker - Bean 'org.springframework.boot.autoconfigure.jdbc.DataSourceConfiguration$Hikari' of type [org.springframework.boot.autoconfigure.jdbc.DataSourceConfiguration$Hikari$$EnhancerBySpringCGLIB$$5e6098f2] is not eligible for getting processed by all BeanPostProcessors (for example: not eligible for auto-proxying)
2019-08-29 21:43:06.027 [restartedMain] INFO  o.s.c.s.PostProcessorRegistrationDelegate$BeanPostProcessorChecker - Bean 'spring.datasource-org.springframework.boot.autoconfigure.jdbc.DataSourceProperties' of type [org.springframework.boot.autoconfigure.jdbc.DataSourceProperties] is not eligible for getting processed by all BeanPostProcessors (for example: not eligible for auto-proxying)
2019-08-29 21:43:06.106 [restartedMain] INFO  o.s.c.s.PostProcessorRegistrationDelegate$BeanPostProcessorChecker - Bean 'dataSource' of type [com.zaxxer.hikari.HikariDataSource] is not eligible for getting processed by all BeanPostProcessors (for example: not eligible for auto-proxying)
2019-08-29 21:43:06.129 [restartedMain] INFO  o.s.c.s.PostProcessorRegistrationDelegate$BeanPostProcessorChecker - Bean 'org.springframework.boot.autoconfigure.jdbc.DataSourceInitializerInvoker' of type [org.springframework.boot.autoconfigure.jdbc.DataSourceInitializerInvoker] is not eligible for getting processed by all BeanPostProcessors (for example: not eligible for auto-proxying)
2019-08-29 21:43:06.195 [restartedMain] INFO  o.s.c.s.PostProcessorRegistrationDelegate$BeanPostProcessorChecker - Bean 'sqlSessionFactory' of type [org.apache.ibatis.session.defaults.DefaultSqlSessionFactory] is not eligible for getting processed by all BeanPostProcessors (for example: not eligible for auto-proxying)
2019-08-29 21:43:06.209 [restartedMain] INFO  o.s.c.s.PostProcessorRegistrationDelegate$BeanPostProcessorChecker - Bean 'sqlSessionTemplate' of type [org.mybatis.spring.SqlSessionTemplate] is not eligible for getting processed by all BeanPostProcessors (for example: not eligible for auto-proxying)
2019-08-29 21:43:06.447 [restartedMain] INFO  o.s.c.s.PostProcessorRegistrationDelegate$BeanPostProcessorChecker - Bean 'userMapper' of type [org.mybatis.spring.mapper.MapperFactoryBean] is not eligible for getting processed by all BeanPostProcessors (for example: not eligible for auto-proxying)
2019-08-29 21:43:06.452 [restartedMain] INFO  o.s.c.s.PostProcessorRegistrationDelegate$BeanPostProcessorChecker - Bean 'userMapper' of type [com.sun.proxy.$Proxy74] is not eligible for getting processed by all BeanPostProcessors (for example: not eligible for auto-proxying)
2019-08-29 21:43:06.485 [restartedMain] INFO  o.s.c.s.PostProcessorRegistrationDelegate$BeanPostProcessorChecker - Bean 'resourcesMapper' of type [org.mybatis.spring.mapper.MapperFactoryBean] is not eligible for getting processed by all BeanPostProcessors (for example: not eligible for auto-proxying)
2019-08-29 21:43:06.487 [restartedMain] INFO  o.s.c.s.PostProcessorRegistrationDelegate$BeanPostProcessorChecker - Bean 'resourcesMapper' of type [com.sun.proxy.$Proxy75] is not eligible for getting processed by all BeanPostProcessors (for example: not eligible for auto-proxying)
2019-08-29 21:43:06.514 [restartedMain] INFO  o.s.c.s.PostProcessorRegistrationDelegate$BeanPostProcessorChecker - Bean 'roleMapper' of type [org.mybatis.spring.mapper.MapperFactoryBean] is not eligible for getting processed by all BeanPostProcessors (for example: not eligible for auto-proxying)
2019-08-29 21:43:06.515 [restartedMain] INFO  o.s.c.s.PostProcessorRegistrationDelegate$BeanPostProcessorChecker - Bean 'roleMapper' of type [com.sun.proxy.$Proxy76] is not eligible for getting processed by all BeanPostProcessors (for example: not eligible for auto-proxying)
2019-08-29 21:43:06.518 [restartedMain] INFO  o.s.c.s.PostProcessorRegistrationDelegate$BeanPostProcessorChecker - Bean 'myShiroRealm' of type [com.payProject.system.shiro.MyShiroRealm] is not eligible for getting processed by all BeanPostProcessors (for example: not eligible for auto-proxying)
2019-08-29 21:43:06.556 [restartedMain] INFO  o.s.c.s.PostProcessorRegistrationDelegate$BeanPostProcessorChecker - Bean 'redisSessionDAO' of type [org.crazycake.shiro.RedisSessionDAO] is not eligible for getting processed by all BeanPostProcessors (for example: not eligible for auto-proxying)
2019-08-29 21:43:06.562 [restartedMain] INFO  o.s.c.s.PostProcessorRegistrationDelegate$BeanPostProcessorChecker - Bean 'sessionManager' of type [org.apache.shiro.web.session.mgt.DefaultWebSessionManager] is not eligible for getting processed by all BeanPostProcessors (for example: not eligible for auto-proxying)
2019-08-29 21:43:06.573 [restartedMain] INFO  o.s.c.s.PostProcessorRegistrationDelegate$BeanPostProcessorChecker - Bean 'securityManager' of type [org.apache.shiro.web.mgt.DefaultWebSecurityManager] is not eligible for getting processed by all BeanPostProcessors (for example: not eligible for auto-proxying)
2019-08-29 21:43:06.590 [restartedMain] INFO  com.payProject.system.shiro.ShiroConfig - ---shiroFilter---:shiro过滤器发挥作用
2019-08-29 21:43:06.597 [restartedMain] INFO  com.payProject.system.shiro.ShiroConfig - ---------------------shiroFilter--------------------:shiro过滤器发挥作用------->权限过滤器
2019-08-29 21:43:07.115 [restartedMain] INFO  o.s.boot.web.embedded.tomcat.TomcatWebServer - Tomcat initialized with port(s): 8080 (http)
2019-08-29 21:43:07.130 [restartedMain] INFO  org.apache.coyote.http11.Http11NioProtocol - Initializing ProtocolHandler ["http-nio-8080"]
2019-08-29 21:43:07.144 [restartedMain] INFO  org.apache.catalina.core.StandardService - Starting service [Tomcat]
2019-08-29 21:43:07.144 [restartedMain] INFO  org.apache.catalina.core.StandardEngine - Starting Servlet engine: [Apache Tomcat/9.0.21]
2019-08-29 21:43:07.403 [restartedMain] INFO  org.apache.jasper.servlet.TldScanner - At least one JAR was scanned for TLDs yet contained no TLDs. Enable debug logging for this logger for a complete list of JARs that were scanned but no TLDs were found in them. Skipping unneeded JARs during scanning can improve startup time and JSP compilation time.
2019-08-29 21:43:07.408 [restartedMain] INFO  o.a.c.core.ContainerBase.[Tomcat].[localhost].[/] - Initializing Spring embedded WebApplicationContext
2019-08-29 21:43:07.409 [restartedMain] INFO  org.springframework.web.context.ContextLoader - Root WebApplicationContext: initialization completed in 6391 ms
2019-08-29 21:43:07.501 [restartedMain] INFO  com.payProject.config.listener.ContextListener - ------SpringBootListener------:监听器发挥作用,上下文已启动,这里可以用来加载缓存数据,数据字典,初始化配置文件
2019-08-29 21:43:07.652 [restartedMain] INFO  com.zaxxer.hikari.HikariDataSource - HikariPool-1 - Starting...
2019-08-29 21:43:07.899 [restartedMain] INFO  com.zaxxer.hikari.HikariDataSource - HikariPool-1 - Start completed.
2019-08-29 21:43:08.023 [restartedMain] INFO  org.hibernate.jpa.internal.util.LogHelper - HHH000204: Processing PersistenceUnitInfo [
	name: default
	...]
2019-08-29 21:43:08.178 [restartedMain] INFO  org.hibernate.Version - HHH000412: Hibernate Core {5.3.10.Final}
2019-08-29 21:43:08.180 [restartedMain] INFO  org.hibernate.cfg.Environment - HHH000206: hibernate.properties not found
2019-08-29 21:43:08.476 [restartedMain] INFO  org.hibernate.annotations.common.Version - HCANN000001: Hibernate Commons Annotations {5.0.4.Final}
2019-08-29 21:43:08.770 [restartedMain] INFO  org.hibernate.dialect.Dialect - HHH000400: Using dialect: org.hibernate.dialect.MySQL5Dialect
2019-08-29 21:43:09.236 [restartedMain] INFO  o.s.orm.jpa.LocalContainerEntityManagerFactoryBean - Initialized JPA EntityManagerFactory for persistence unit 'default'
2019-08-29 21:43:09.293 [restartedMain] INFO  com.payProject.config.listener.EnvironmentConfig - 操作系统的名称：Windows 10
2019-08-29 21:43:09.293 [restartedMain] INFO  com.payProject.config.listener.EnvironmentConfig - 操作系统的构架：amd64
2019-08-29 21:43:09.293 [restartedMain] INFO  com.payProject.config.listener.EnvironmentConfig - 操作系统的版本：10.0
2019-08-29 21:43:09.294 [restartedMain] INFO  com.payProject.config.listener.EnvironmentConfig - 配置信息获取：jdbc:mysql://127.0.0.1:3306/payproject?characterEncoding=UTF-8
2019-08-29 21:43:10.208 [restartedMain] INFO  o.s.scheduling.concurrent.ThreadPoolTaskExecutor - Initializing ExecutorService 'applicationTaskExecutor'
2019-08-29 21:43:10.284 [restartedMain] INFO  com.payProject.config.interceptor.WebConfiguration - --------------------->>加载自定义拦截器-----
2019-08-29 21:43:10.289 [restartedMain] WARN  o.s.b.a.o.j.JpaBaseConfiguration$JpaWebConfiguration$JpaWebMvcConfiguration - spring.jpa.open-in-view is enabled by default. Therefore, database queries may be performed during view rendering. Explicitly configure spring.jpa.open-in-view to disable this warning
2019-08-29 21:43:10.437 [restartedMain] INFO  o.s.b.a.web.servlet.WelcomePageHandlerMapping - Adding welcome page template: index
2019-08-29 21:43:10.994 [restartedMain] INFO  o.s.b.d.autoconfigure.OptionalLiveReloadServer - LiveReload server is running on port 35729
2019-08-29 21:43:11.036 [restartedMain] INFO  org.apache.coyote.http11.Http11NioProtocol - Starting ProtocolHandler ["http-nio-8080"]
2019-08-29 21:43:11.121 [restartedMain] INFO  o.s.boot.web.embedded.tomcat.TomcatWebServer - Tomcat started on port(s): 8080 (http) with context path ''
2019-08-29 21:43:11.126 [restartedMain] INFO  com.payProject.application - Started application in 10.817 seconds (JVM running for 12.08)
2019-08-29 21:43:34.509 [http-nio-8080-exec-1] INFO  o.a.c.core.ContainerBase.[Tomcat].[localhost].[/] - Initializing Spring DispatcherServlet 'dispatcherServlet'
2019-08-29 21:43:34.509 [http-nio-8080-exec-1] INFO  org.springframework.web.servlet.DispatcherServlet - Initializing Servlet 'dispatcherServlet'
2019-08-29 21:43:34.523 [http-nio-8080-exec-1] INFO  org.springframework.web.servlet.DispatcherServlet - Completed initialization in 14 ms
2019-08-29 21:43:34.546 [http-nio-8080-exec-1] INFO  o.a.s.session.mgt.AbstractValidatingSessionManager - Enabling session validation scheduler...
2019-08-29 21:43:34.821 [http-nio-8080-exec-2] INFO  com.payProject.config.interceptor.MyInterceptor - MyInterceptor01--->postHandle()执行控制器之后且在渲染视图前调用此方法....
