2019-08-19 14:19:49.073 [main] INFO  o.s.b.t.context.SpringBootTestContextBootstrapper - Neither @ContextConfiguration nor @ContextHierarchy found for test class [parProject.com.test.test.BankCard], using SpringBootContextLoader
2019-08-19 14:19:49.079 [main] INFO  o.s.test.context.support.AbstractContextLoader - Could not detect default resource locations for test class [parProject.com.test.test.BankCard]: no resource found for suffixes {-context.xml, Context.groovy}.
2019-08-19 14:19:49.262 [main] INFO  o.s.b.t.context.SpringBootTestContextBootstrapper - Loaded default TestExecutionListener class names from location [META-INF/spring.factories]: [org.springframework.boot.test.mock.mockito.MockitoTestExecutionListener, org.springframework.boot.test.mock.mockito.ResetMocksTestExecutionListener, org.springframework.boot.test.autoconfigure.restdocs.RestDocsTestExecutionListener, org.springframework.boot.test.autoconfigure.web.client.MockRestServiceServerResetTestExecutionListener, org.springframework.boot.test.autoconfigure.web.servlet.MockMvcPrintOnlyOnFailureTestExecutionListener, org.springframework.boot.test.autoconfigure.web.servlet.WebDriverTestExecutionListener, org.springframework.test.context.web.ServletTestExecutionListener, org.springframework.test.context.support.DirtiesContextBeforeModesTestExecutionListener, org.springframework.test.context.support.DependencyInjectionTestExecutionListener, org.springframework.test.context.support.DirtiesContextTestExecutionListener, org.springframework.test.context.transaction.TransactionalTestExecutionListener, org.springframework.test.context.jdbc.SqlScriptsTestExecutionListener]
2019-08-19 14:19:49.280 [main] INFO  o.s.b.t.context.SpringBootTestContextBootstrapper - Using TestExecutionListeners: [org.springframework.test.context.web.ServletTestExecutionListener@179ece50, org.springframework.test.context.support.DirtiesContextBeforeModesTestExecutionListener@3b0090a4, org.springframework.boot.test.mock.mockito.MockitoTestExecutionListener@3cd3e762, org.springframework.boot.test.autoconfigure.SpringBootDependencyInjectionTestExecutionListener@1fa121e2, org.springframework.test.context.support.DirtiesContextTestExecutionListener@7eac9008, org.springframework.test.context.transaction.TransactionalTestExecutionListener@4116aac9, org.springframework.test.context.jdbc.SqlScriptsTestExecutionListener@62ddbd7e, org.springframework.boot.test.mock.mockito.ResetMocksTestExecutionListener@74e52ef6, org.springframework.boot.test.autoconfigure.restdocs.RestDocsTestExecutionListener@6ed3ccb2, org.springframework.boot.test.autoconfigure.web.client.MockRestServiceServerResetTestExecutionListener@1a677343, org.springframework.boot.test.autoconfigure.web.servlet.MockMvcPrintOnlyOnFailureTestExecutionListener@15de0b3c, org.springframework.boot.test.autoconfigure.web.servlet.WebDriverTestExecutionListener@489115ef]
2019-08-19 14:19:49.716 [main] INFO  parProject.com.test.test.BankCard - Starting BankCard on DESKTOP-7NQ821V with PID 19272 (started by ADMIN in C:\Users\ADMIN\git\new\payproduct\parProject)
2019-08-19 14:19:49.717 [main] INFO  parProject.com.test.test.BankCard - No active profile set, falling back to default profiles: default
2019-08-19 14:19:50.637 [main] INFO  o.s.d.r.config.RepositoryConfigurationDelegate - Multiple Spring Data modules found, entering strict repository configuration mode!
2019-08-19 14:19:50.640 [main] INFO  o.s.d.r.config.RepositoryConfigurationDelegate - Bootstrapping Spring Data repositories in DEFAULT mode.
2019-08-19 14:19:50.677 [main] INFO  o.s.d.r.config.RepositoryConfigurationDelegate - Finished Spring Data repository scanning in 26ms. Found 0 repository interfaces.
2019-08-19 14:19:50.692 [main] INFO  o.s.d.r.config.RepositoryConfigurationDelegate - Multiple Spring Data modules found, entering strict repository configuration mode!
2019-08-19 14:19:50.693 [main] INFO  o.s.d.r.config.RepositoryConfigurationDelegate - Bootstrapping Spring Data repositories in DEFAULT mode.
2019-08-19 14:19:50.714 [main] INFO  o.s.d.r.config.RepositoryConfigurationDelegate - Finished Spring Data repository scanning in 13ms. Found 0 repository interfaces.
2019-08-19 14:19:51.110 [main] INFO  o.s.c.s.PostProcessorRegistrationDelegate$BeanPostProcessorChecker - Bean 'org.springframework.transaction.annotation.ProxyTransactionManagementConfiguration' of type [org.springframework.transaction.annotation.ProxyTransactionManagementConfiguration$$EnhancerBySpringCGLIB$$d7f4294c] is not eligible for getting processed by all BeanPostProcessors (for example: not eligible for auto-proxying)
2019-08-19 14:19:51.288 [main] INFO  o.s.c.s.PostProcessorRegistrationDelegate$BeanPostProcessorChecker - Bean 'redisConfig' of type [com.payProject.config.redis.RedisConfig$$EnhancerBySpringCGLIB$$e73fbd5f] is not eligible for getting processed by all BeanPostProcessors (for example: not eligible for auto-proxying)
2019-08-19 14:19:51.325 [main] INFO  o.s.c.s.PostProcessorRegistrationDelegate$BeanPostProcessorChecker - Bean 'shiroConfig' of type [com.payProject.system.shiro.ShiroConfig$$EnhancerBySpringCGLIB$$609d9898] is not eligible for getting processed by all BeanPostProcessors (for example: not eligible for auto-proxying)
2019-08-19 14:19:51.540 [main] INFO  o.s.c.s.PostProcessorRegistrationDelegate$BeanPostProcessorChecker - Bean 'org.springframework.boot.autoconfigure.data.redis.RedisAutoConfiguration' of type [org.springframework.boot.autoconfigure.data.redis.RedisAutoConfiguration$$EnhancerBySpringCGLIB$$cd8b5488] is not eligible for getting processed by all BeanPostProcessors (for example: not eligible for auto-proxying)
2019-08-19 14:19:51.562 [main] INFO  o.s.c.s.PostProcessorRegistrationDelegate$BeanPostProcessorChecker - Bean 'spring.redis-org.springframework.boot.autoconfigure.data.redis.RedisProperties' of type [org.springframework.boot.autoconfigure.data.redis.RedisProperties] is not eligible for getting processed by all BeanPostProcessors (for example: not eligible for auto-proxying)
2019-08-19 14:19:51.569 [main] INFO  o.s.c.s.PostProcessorRegistrationDelegate$BeanPostProcessorChecker - Bean 'org.springframework.boot.autoconfigure.data.redis.LettuceConnectionConfiguration' of type [org.springframework.boot.autoconfigure.data.redis.LettuceConnectionConfiguration$$EnhancerBySpringCGLIB$$ed0de796] is not eligible for getting processed by all BeanPostProcessors (for example: not eligible for auto-proxying)
2019-08-19 14:19:51.726 [main] INFO  o.s.c.s.PostProcessorRegistrationDelegate$BeanPostProcessorChecker - Bean 'lettuceClientResources' of type [io.lettuce.core.resource.DefaultClientResources] is not eligible for getting processed by all BeanPostProcessors (for example: not eligible for auto-proxying)
2019-08-19 14:19:51.839 [main] INFO  o.s.c.s.PostProcessorRegistrationDelegate$BeanPostProcessorChecker - Bean 'redisConnectionFactory' of type [org.springframework.data.redis.connection.lettuce.LettuceConnectionFactory] is not eligible for getting processed by all BeanPostProcessors (for example: not eligible for auto-proxying)
2019-08-19 14:19:51.869 [main] INFO  o.s.c.s.PostProcessorRegistrationDelegate$BeanPostProcessorChecker - Bean 'stringRedisTemplate' of type [org.springframework.data.redis.core.StringRedisTemplate] is not eligible for getting processed by all BeanPostProcessors (for example: not eligible for auto-proxying)
2019-08-19 14:19:51.898 [main] INFO  o.s.c.s.PostProcessorRegistrationDelegate$BeanPostProcessorChecker - Bean 'MyHashedCredentialsMatcher' of type [com.payProject.system.shiro.MyHashedCredentialsMatcher] is not eligible for getting processed by all BeanPostProcessors (for example: not eligible for auto-proxying)
2019-08-19 14:19:51.930 [main] INFO  o.s.c.s.PostProcessorRegistrationDelegate$BeanPostProcessorChecker - Bean 'mybatis-org.mybatis.spring.boot.autoconfigure.MybatisProperties' of type [org.mybatis.spring.boot.autoconfigure.MybatisProperties] is not eligible for getting processed by all BeanPostProcessors (for example: not eligible for auto-proxying)
2019-08-19 14:19:51.936 [main] INFO  o.s.c.s.PostProcessorRegistrationDelegate$BeanPostProcessorChecker - Bean 'org.mybatis.spring.boot.autoconfigure.MybatisAutoConfiguration' of type [org.mybatis.spring.boot.autoconfigure.MybatisAutoConfiguration$$EnhancerBySpringCGLIB$$ac87a7c] is not eligible for getting processed by all BeanPostProcessors (for example: not eligible for auto-proxying)
2019-08-19 14:19:51.944 [main] INFO  o.s.c.s.PostProcessorRegistrationDelegate$BeanPostProcessorChecker - Bean 'org.springframework.boot.autoconfigure.jdbc.DataSourceConfiguration$Hikari' of type [org.springframework.boot.autoconfigure.jdbc.DataSourceConfiguration$Hikari$$EnhancerBySpringCGLIB$$18739339] is not eligible for getting processed by all BeanPostProcessors (for example: not eligible for auto-proxying)
2019-08-19 14:19:51.957 [main] INFO  o.s.c.s.PostProcessorRegistrationDelegate$BeanPostProcessorChecker - Bean 'spring.datasource-org.springframework.boot.autoconfigure.jdbc.DataSourceProperties' of type [org.springframework.boot.autoconfigure.jdbc.DataSourceProperties] is not eligible for getting processed by all BeanPostProcessors (for example: not eligible for auto-proxying)
2019-08-19 14:19:51.998 [main] INFO  o.s.c.s.PostProcessorRegistrationDelegate$BeanPostProcessorChecker - Bean 'dataSource' of type [com.zaxxer.hikari.HikariDataSource] is not eligible for getting processed by all BeanPostProcessors (for example: not eligible for auto-proxying)
2019-08-19 14:19:52.015 [main] INFO  o.s.c.s.PostProcessorRegistrationDelegate$BeanPostProcessorChecker - Bean 'org.springframework.boot.autoconfigure.jdbc.DataSourceInitializerInvoker' of type [org.springframework.boot.autoconfigure.jdbc.DataSourceInitializerInvoker] is not eligible for getting processed by all BeanPostProcessors (for example: not eligible for auto-proxying)
2019-08-19 14:19:52.072 [main] INFO  o.s.c.s.PostProcessorRegistrationDelegate$BeanPostProcessorChecker - Bean 'sqlSessionFactory' of type [org.apache.ibatis.session.defaults.DefaultSqlSessionFactory] is not eligible for getting processed by all BeanPostProcessors (for example: not eligible for auto-proxying)
2019-08-19 14:19:52.083 [main] INFO  o.s.c.s.PostProcessorRegistrationDelegate$BeanPostProcessorChecker - Bean 'sqlSessionTemplate' of type [org.mybatis.spring.SqlSessionTemplate] is not eligible for getting processed by all BeanPostProcessors (for example: not eligible for auto-proxying)
2019-08-19 14:19:52.208 [main] INFO  o.s.c.s.PostProcessorRegistrationDelegate$BeanPostProcessorChecker - Bean 'userMapper' of type [org.mybatis.spring.mapper.MapperFactoryBean] is not eligible for getting processed by all BeanPostProcessors (for example: not eligible for auto-proxying)
2019-08-19 14:19:52.212 [main] INFO  o.s.c.s.PostProcessorRegistrationDelegate$BeanPostProcessorChecker - Bean 'userMapper' of type [com.sun.proxy.$Proxy78] is not eligible for getting processed by all BeanPostProcessors (for example: not eligible for auto-proxying)
2019-08-19 14:19:52.242 [main] INFO  o.s.c.s.PostProcessorRegistrationDelegate$BeanPostProcessorChecker - Bean 'resourcesMapper' of type [org.mybatis.spring.mapper.MapperFactoryBean] is not eligible for getting processed by all BeanPostProcessors (for example: not eligible for auto-proxying)
2019-08-19 14:19:52.243 [main] INFO  o.s.c.s.PostProcessorRegistrationDelegate$BeanPostProcessorChecker - Bean 'resourcesMapper' of type [com.sun.proxy.$Proxy79] is not eligible for getting processed by all BeanPostProcessors (for example: not eligible for auto-proxying)
2019-08-19 14:19:52.259 [main] INFO  o.s.c.s.PostProcessorRegistrationDelegate$BeanPostProcessorChecker - Bean 'roleMapper' of type [org.mybatis.spring.mapper.MapperFactoryBean] is not eligible for getting processed by all BeanPostProcessors (for example: not eligible for auto-proxying)
2019-08-19 14:19:52.261 [main] INFO  o.s.c.s.PostProcessorRegistrationDelegate$BeanPostProcessorChecker - Bean 'roleMapper' of type [com.sun.proxy.$Proxy80] is not eligible for getting processed by all BeanPostProcessors (for example: not eligible for auto-proxying)
2019-08-19 14:19:52.263 [main] INFO  o.s.c.s.PostProcessorRegistrationDelegate$BeanPostProcessorChecker - Bean 'myShiroRealm' of type [com.payProject.system.shiro.MyShiroRealm] is not eligible for getting processed by all BeanPostProcessors (for example: not eligible for auto-proxying)
2019-08-19 14:19:52.287 [main] INFO  o.s.c.s.PostProcessorRegistrationDelegate$BeanPostProcessorChecker - Bean 'redisSessionDAO' of type [org.crazycake.shiro.RedisSessionDAO] is not eligible for getting processed by all BeanPostProcessors (for example: not eligible for auto-proxying)
2019-08-19 14:19:52.296 [main] INFO  o.s.c.s.PostProcessorRegistrationDelegate$BeanPostProcessorChecker - Bean 'sessionManager' of type [org.apache.shiro.web.session.mgt.DefaultWebSessionManager] is not eligible for getting processed by all BeanPostProcessors (for example: not eligible for auto-proxying)
2019-08-19 14:19:52.312 [main] INFO  o.s.c.s.PostProcessorRegistrationDelegate$BeanPostProcessorChecker - Bean 'securityManager' of type [org.apache.shiro.web.mgt.DefaultWebSecurityManager] is not eligible for getting processed by all BeanPostProcessors (for example: not eligible for auto-proxying)
2019-08-19 14:19:52.323 [main] INFO  com.payProject.system.shiro.ShiroConfig - ---shiroFilter---:shiro过滤器发挥作用
2019-08-19 14:19:52.328 [main] INFO  com.payProject.system.shiro.ShiroConfig - ---------------------shiroFilter--------------------:shiro过滤器发挥作用------->权限过滤器
2019-08-19 14:19:52.513 [main] INFO  com.zaxxer.hikari.HikariDataSource - HikariPool-1 - Starting...
2019-08-19 14:19:52.787 [main] INFO  com.zaxxer.hikari.HikariDataSource - HikariPool-1 - Start completed.
2019-08-19 14:19:52.878 [main] INFO  org.hibernate.jpa.internal.util.LogHelper - HHH000204: Processing PersistenceUnitInfo [
	name: default
	...]
2019-08-19 14:19:52.991 [main] INFO  org.hibernate.Version - HHH000412: Hibernate Core {5.3.10.Final}
2019-08-19 14:19:52.994 [main] INFO  org.hibernate.cfg.Environment - HHH000206: hibernate.properties not found
2019-08-19 14:19:53.211 [main] INFO  org.hibernate.annotations.common.Version - HCANN000001: Hibernate Commons Annotations {5.0.4.Final}
2019-08-19 14:19:53.400 [main] INFO  org.hibernate.dialect.Dialect - HHH000400: Using dialect: org.hibernate.dialect.MySQL5Dialect
2019-08-19 14:19:53.604 [main] INFO  o.s.orm.jpa.LocalContainerEntityManagerFactoryBean - Initialized JPA EntityManagerFactory for persistence unit 'default'
2019-08-19 14:19:53.660 [main] INFO  com.payProject.config.listener.EnvironmentConfig - 操作系统的名称：Windows 10
2019-08-19 14:19:53.660 [main] INFO  com.payProject.config.listener.EnvironmentConfig - 操作系统的构架：amd64
2019-08-19 14:19:53.660 [main] INFO  com.payProject.config.listener.EnvironmentConfig - 操作系统的版本：10.0
2019-08-19 14:19:53.660 [main] INFO  com.payProject.config.listener.EnvironmentConfig - 配置信息获取：jdbc:mysql://127.0.0.1:3306/payproject?characterEncoding=UTF-8
2019-08-19 14:19:54.635 [main] INFO  o.s.scheduling.concurrent.ThreadPoolTaskExecutor - Initializing ExecutorService 'applicationTaskExecutor'
2019-08-19 14:19:54.693 [main] INFO  com.payProject.config.interceptor.WebConfiguration - --------------------->>加载自定义拦截器-----
2019-08-19 14:19:54.695 [main] WARN  o.s.b.a.o.j.JpaBaseConfiguration$JpaWebConfiguration$JpaWebMvcConfiguration - spring.jpa.open-in-view is enabled by default. Therefore, database queries may be performed during view rendering. Explicitly configure spring.jpa.open-in-view to disable this warning
2019-08-19 14:19:54.825 [main] INFO  o.s.b.a.web.servlet.WelcomePageHandlerMapping - Adding welcome page template: index
2019-08-19 14:19:55.263 [main] INFO  parProject.com.test.test.BankCard - Started BankCard in 5.921 seconds (JVM running for 6.803)
2019-08-19 14:19:55.527 [Thread-3] INFO  o.s.scheduling.concurrent.ThreadPoolTaskExecutor - Shutting down ExecutorService 'applicationTaskExecutor'
2019-08-19 14:19:55.529 [Thread-3] INFO  o.s.orm.jpa.LocalContainerEntityManagerFactoryBean - Closing JPA EntityManagerFactory for persistence unit 'default'
2019-08-19 14:19:55.534 [Thread-3] INFO  com.zaxxer.hikari.HikariDataSource - HikariPool-1 - Shutdown initiated...
2019-08-19 14:19:55.539 [Thread-3] INFO  com.zaxxer.hikari.HikariDataSource - HikariPool-1 - Shutdown completed.
2019-08-19 14:22:01.133 [main] INFO  o.s.b.t.context.SpringBootTestContextBootstrapper - Neither @ContextConfiguration nor @ContextHierarchy found for test class [parProject.com.test.test.BankCard], using SpringBootContextLoader
2019-08-19 14:22:01.141 [main] INFO  o.s.test.context.support.AbstractContextLoader - Could not detect default resource locations for test class [parProject.com.test.test.BankCard]: no resource found for suffixes {-context.xml, Context.groovy}.
2019-08-19 14:22:01.371 [main] INFO  o.s.b.t.context.SpringBootTestContextBootstrapper - Loaded default TestExecutionListener class names from location [META-INF/spring.factories]: [org.springframework.boot.test.mock.mockito.MockitoTestExecutionListener, org.springframework.boot.test.mock.mockito.ResetMocksTestExecutionListener, org.springframework.boot.test.autoconfigure.restdocs.RestDocsTestExecutionListener, org.springframework.boot.test.autoconfigure.web.client.MockRestServiceServerResetTestExecutionListener, org.springframework.boot.test.autoconfigure.web.servlet.MockMvcPrintOnlyOnFailureTestExecutionListener, org.springframework.boot.test.autoconfigure.web.servlet.WebDriverTestExecutionListener, org.springframework.test.context.web.ServletTestExecutionListener, org.springframework.test.context.support.DirtiesContextBeforeModesTestExecutionListener, org.springframework.test.context.support.DependencyInjectionTestExecutionListener, org.springframework.test.context.support.DirtiesContextTestExecutionListener, org.springframework.test.context.transaction.TransactionalTestExecutionListener, org.springframework.test.context.jdbc.SqlScriptsTestExecutionListener]
2019-08-19 14:22:01.403 [main] INFO  o.s.b.t.context.SpringBootTestContextBootstrapper - Using TestExecutionListeners: [org.springframework.test.context.web.ServletTestExecutionListener@33fe57a9, org.springframework.test.context.support.DirtiesContextBeforeModesTestExecutionListener@4982cc36, org.springframework.boot.test.mock.mockito.MockitoTestExecutionListener@691939c9, org.springframework.boot.test.autoconfigure.SpringBootDependencyInjectionTestExecutionListener@4f1bfe23, org.springframework.test.context.support.DirtiesContextTestExecutionListener@e19bb76, org.springframework.test.context.transaction.TransactionalTestExecutionListener@512535ff, org.springframework.test.context.jdbc.SqlScriptsTestExecutionListener@71529963, org.springframework.boot.test.mock.mockito.ResetMocksTestExecutionListener@61a88b8c, org.springframework.boot.test.autoconfigure.restdocs.RestDocsTestExecutionListener@22295ec4, org.springframework.boot.test.autoconfigure.web.client.MockRestServiceServerResetTestExecutionListener@5adb0db3, org.springframework.boot.test.autoconfigure.web.servlet.MockMvcPrintOnlyOnFailureTestExecutionListener@3f270e0a, org.springframework.boot.test.autoconfigure.web.servlet.WebDriverTestExecutionListener@1a760689]
2019-08-19 14:22:01.833 [main] INFO  parProject.com.test.test.BankCard - Starting BankCard on DESKTOP-7NQ821V with PID 9868 (started by ADMIN in C:\Users\ADMIN\git\new\payproduct\parProject)
2019-08-19 14:22:01.834 [main] INFO  parProject.com.test.test.BankCard - No active profile set, falling back to default profiles: default
2019-08-19 14:22:03.071 [main] INFO  o.s.d.r.config.RepositoryConfigurationDelegate - Multiple Spring Data modules found, entering strict repository configuration mode!
2019-08-19 14:22:03.073 [main] INFO  o.s.d.r.config.RepositoryConfigurationDelegate - Bootstrapping Spring Data repositories in DEFAULT mode.
2019-08-19 14:22:03.113 [main] INFO  o.s.d.r.config.RepositoryConfigurationDelegate - Finished Spring Data repository scanning in 27ms. Found 0 repository interfaces.
2019-08-19 14:22:03.130 [main] INFO  o.s.d.r.config.RepositoryConfigurationDelegate - Multiple Spring Data modules found, entering strict repository configuration mode!
2019-08-19 14:22:03.132 [main] INFO  o.s.d.r.config.RepositoryConfigurationDelegate - Bootstrapping Spring Data repositories in DEFAULT mode.
2019-08-19 14:22:03.158 [main] INFO  o.s.d.r.config.RepositoryConfigurationDelegate - Finished Spring Data repository scanning in 12ms. Found 0 repository interfaces.
2019-08-19 14:22:03.725 [main] INFO  o.s.c.s.PostProcessorRegistrationDelegate$BeanPostProcessorChecker - Bean 'org.springframework.transaction.annotation.ProxyTransactionManagementConfiguration' of type [org.springframework.transaction.annotation.ProxyTransactionManagementConfiguration$$EnhancerBySpringCGLIB$$fc5ee0b] is not eligible for getting processed by all BeanPostProcessors (for example: not eligible for auto-proxying)
2019-08-19 14:22:04.046 [main] INFO  o.s.c.s.PostProcessorRegistrationDelegate$BeanPostProcessorChecker - Bean 'redisConfig' of type [com.payProject.config.redis.RedisConfig$$EnhancerBySpringCGLIB$$1f11821e] is not eligible for getting processed by all BeanPostProcessors (for example: not eligible for auto-proxying)
2019-08-19 14:22:04.115 [main] INFO  o.s.c.s.PostProcessorRegistrationDelegate$BeanPostProcessorChecker - Bean 'shiroConfig' of type [com.payProject.system.shiro.ShiroConfig$$EnhancerBySpringCGLIB$$986f5d57] is not eligible for getting processed by all BeanPostProcessors (for example: not eligible for auto-proxying)
2019-08-19 14:22:04.397 [main] INFO  o.s.c.s.PostProcessorRegistrationDelegate$BeanPostProcessorChecker - Bean 'org.springframework.boot.autoconfigure.data.redis.RedisAutoConfiguration' of type [org.springframework.boot.autoconfigure.data.redis.RedisAutoConfiguration$$EnhancerBySpringCGLIB$$55d1947] is not eligible for getting processed by all BeanPostProcessors (for example: not eligible for auto-proxying)
2019-08-19 14:22:04.436 [main] INFO  o.s.c.s.PostProcessorRegistrationDelegate$BeanPostProcessorChecker - Bean 'spring.redis-org.springframework.boot.autoconfigure.data.redis.RedisProperties' of type [org.springframework.boot.autoconfigure.data.redis.RedisProperties] is not eligible for getting processed by all BeanPostProcessors (for example: not eligible for auto-proxying)
2019-08-19 14:22:04.448 [main] INFO  o.s.c.s.PostProcessorRegistrationDelegate$BeanPostProcessorChecker - Bean 'org.springframework.boot.autoconfigure.data.redis.LettuceConnectionConfiguration' of type [org.springframework.boot.autoconfigure.data.redis.LettuceConnectionConfiguration$$EnhancerBySpringCGLIB$$24dfac55] is not eligible for getting processed by all BeanPostProcessors (for example: not eligible for auto-proxying)
2019-08-19 14:22:04.681 [main] INFO  o.s.c.s.PostProcessorRegistrationDelegate$BeanPostProcessorChecker - Bean 'lettuceClientResources' of type [io.lettuce.core.resource.DefaultClientResources] is not eligible for getting processed by all BeanPostProcessors (for example: not eligible for auto-proxying)
2019-08-19 14:22:04.852 [main] INFO  o.s.c.s.PostProcessorRegistrationDelegate$BeanPostProcessorChecker - Bean 'redisConnectionFactory' of type [org.springframework.data.redis.connection.lettuce.LettuceConnectionFactory] is not eligible for getting processed by all BeanPostProcessors (for example: not eligible for auto-proxying)
2019-08-19 14:22:04.901 [main] INFO  o.s.c.s.PostProcessorRegistrationDelegate$BeanPostProcessorChecker - Bean 'stringRedisTemplate' of type [org.springframework.data.redis.core.StringRedisTemplate] is not eligible for getting processed by all BeanPostProcessors (for example: not eligible for auto-proxying)
2019-08-19 14:22:04.941 [main] INFO  o.s.c.s.PostProcessorRegistrationDelegate$BeanPostProcessorChecker - Bean 'MyHashedCredentialsMatcher' of type [com.payProject.system.shiro.MyHashedCredentialsMatcher] is not eligible for getting processed by all BeanPostProcessors (for example: not eligible for auto-proxying)
2019-08-19 14:22:04.989 [main] INFO  o.s.c.s.PostProcessorRegistrationDelegate$BeanPostProcessorChecker - Bean 'mybatis-org.mybatis.spring.boot.autoconfigure.MybatisProperties' of type [org.mybatis.spring.boot.autoconfigure.MybatisProperties] is not eligible for getting processed by all BeanPostProcessors (for example: not eligible for auto-proxying)
2019-08-19 14:22:04.996 [main] INFO  o.s.c.s.PostProcessorRegistrationDelegate$BeanPostProcessorChecker - Bean 'org.mybatis.spring.boot.autoconfigure.MybatisAutoConfiguration' of type [org.mybatis.spring.boot.autoconfigure.MybatisAutoConfiguration$$EnhancerBySpringCGLIB$$429a3f3b] is not eligible for getting processed by all BeanPostProcessors (for example: not eligible for auto-proxying)
2019-08-19 14:22:05.010 [main] INFO  o.s.c.s.PostProcessorRegistrationDelegate$BeanPostProcessorChecker - Bean 'org.springframework.boot.autoconfigure.jdbc.DataSourceConfiguration$Hikari' of type [org.springframework.boot.autoconfigure.jdbc.DataSourceConfiguration$Hikari$$EnhancerBySpringCGLIB$$504557f8] is not eligible for getting processed by all BeanPostProcessors (for example: not eligible for auto-proxying)
2019-08-19 14:22:05.029 [main] INFO  o.s.c.s.PostProcessorRegistrationDelegate$BeanPostProcessorChecker - Bean 'spring.datasource-org.springframework.boot.autoconfigure.jdbc.DataSourceProperties' of type [org.springframework.boot.autoconfigure.jdbc.DataSourceProperties] is not eligible for getting processed by all BeanPostProcessors (for example: not eligible for auto-proxying)
2019-08-19 14:22:05.079 [main] INFO  o.s.c.s.PostProcessorRegistrationDelegate$BeanPostProcessorChecker - Bean 'dataSource' of type [com.zaxxer.hikari.HikariDataSource] is not eligible for getting processed by all BeanPostProcessors (for example: not eligible for auto-proxying)
2019-08-19 14:22:05.102 [main] INFO  o.s.c.s.PostProcessorRegistrationDelegate$BeanPostProcessorChecker - Bean 'org.springframework.boot.autoconfigure.jdbc.DataSourceInitializerInvoker' of type [org.springframework.boot.autoconfigure.jdbc.DataSourceInitializerInvoker] is not eligible for getting processed by all BeanPostProcessors (for example: not eligible for auto-proxying)
2019-08-19 14:22:05.172 [main] INFO  o.s.c.s.PostProcessorRegistrationDelegate$BeanPostProcessorChecker - Bean 'sqlSessionFactory' of type [org.apache.ibatis.session.defaults.DefaultSqlSessionFactory] is not eligible for getting processed by all BeanPostProcessors (for example: not eligible for auto-proxying)
2019-08-19 14:22:05.187 [main] INFO  o.s.c.s.PostProcessorRegistrationDelegate$BeanPostProcessorChecker - Bean 'sqlSessionTemplate' of type [org.mybatis.spring.SqlSessionTemplate] is not eligible for getting processed by all BeanPostProcessors (for example: not eligible for auto-proxying)
2019-08-19 14:22:05.332 [main] INFO  o.s.c.s.PostProcessorRegistrationDelegate$BeanPostProcessorChecker - Bean 'userMapper' of type [org.mybatis.spring.mapper.MapperFactoryBean] is not eligible for getting processed by all BeanPostProcessors (for example: not eligible for auto-proxying)
2019-08-19 14:22:05.336 [main] INFO  o.s.c.s.PostProcessorRegistrationDelegate$BeanPostProcessorChecker - Bean 'userMapper' of type [com.sun.proxy.$Proxy78] is not eligible for getting processed by all BeanPostProcessors (for example: not eligible for auto-proxying)
2019-08-19 14:22:05.366 [main] INFO  o.s.c.s.PostProcessorRegistrationDelegate$BeanPostProcessorChecker - Bean 'resourcesMapper' of type [org.mybatis.spring.mapper.MapperFactoryBean] is not eligible for getting processed by all BeanPostProcessors (for example: not eligible for auto-proxying)
2019-08-19 14:22:05.367 [main] INFO  o.s.c.s.PostProcessorRegistrationDelegate$BeanPostProcessorChecker - Bean 'resourcesMapper' of type [com.sun.proxy.$Proxy79] is not eligible for getting processed by all BeanPostProcessors (for example: not eligible for auto-proxying)
2019-08-19 14:22:05.394 [main] INFO  o.s.c.s.PostProcessorRegistrationDelegate$BeanPostProcessorChecker - Bean 'roleMapper' of type [org.mybatis.spring.mapper.MapperFactoryBean] is not eligible for getting processed by all BeanPostProcessors (for example: not eligible for auto-proxying)
2019-08-19 14:22:05.418 [main] INFO  o.s.c.s.PostProcessorRegistrationDelegate$BeanPostProcessorChecker - Bean 'roleMapper' of type [com.sun.proxy.$Proxy80] is not eligible for getting processed by all BeanPostProcessors (for example: not eligible for auto-proxying)
2019-08-19 14:22:05.421 [main] INFO  o.s.c.s.PostProcessorRegistrationDelegate$BeanPostProcessorChecker - Bean 'myShiroRealm' of type [com.payProject.system.shiro.MyShiroRealm] is not eligible for getting processed by all BeanPostProcessors (for example: not eligible for auto-proxying)
2019-08-19 14:22:05.456 [main] INFO  o.s.c.s.PostProcessorRegistrationDelegate$BeanPostProcessorChecker - Bean 'redisSessionDAO' of type [org.crazycake.shiro.RedisSessionDAO] is not eligible for getting processed by all BeanPostProcessors (for example: not eligible for auto-proxying)
2019-08-19 14:22:05.470 [main] INFO  o.s.c.s.PostProcessorRegistrationDelegate$BeanPostProcessorChecker - Bean 'sessionManager' of type [org.apache.shiro.web.session.mgt.DefaultWebSessionManager] is not eligible for getting processed by all BeanPostProcessors (for example: not eligible for auto-proxying)
2019-08-19 14:22:05.492 [main] INFO  o.s.c.s.PostProcessorRegistrationDelegate$BeanPostProcessorChecker - Bean 'securityManager' of type [org.apache.shiro.web.mgt.DefaultWebSecurityManager] is not eligible for getting processed by all BeanPostProcessors (for example: not eligible for auto-proxying)
2019-08-19 14:22:05.504 [main] INFO  com.payProject.system.shiro.ShiroConfig - ---shiroFilter---:shiro过滤器发挥作用
2019-08-19 14:22:05.512 [main] INFO  com.payProject.system.shiro.ShiroConfig - ---------------------shiroFilter--------------------:shiro过滤器发挥作用------->权限过滤器
2019-08-19 14:22:05.784 [main] INFO  com.zaxxer.hikari.HikariDataSource - HikariPool-1 - Starting...
2019-08-19 14:22:06.059 [main] INFO  com.zaxxer.hikari.HikariDataSource - HikariPool-1 - Start completed.
2019-08-19 14:22:06.200 [main] INFO  org.hibernate.jpa.internal.util.LogHelper - HHH000204: Processing PersistenceUnitInfo [
	name: default
	...]
2019-08-19 14:22:06.316 [main] INFO  org.hibernate.Version - HHH000412: Hibernate Core {5.3.10.Final}
2019-08-19 14:22:06.318 [main] INFO  org.hibernate.cfg.Environment - HHH000206: hibernate.properties not found
2019-08-19 14:22:06.528 [main] INFO  org.hibernate.annotations.common.Version - HCANN000001: Hibernate Commons Annotations {5.0.4.Final}
2019-08-19 14:22:06.760 [main] INFO  org.hibernate.dialect.Dialect - HHH000400: Using dialect: org.hibernate.dialect.MySQL5Dialect
2019-08-19 14:22:07.002 [main] INFO  o.s.orm.jpa.LocalContainerEntityManagerFactoryBean - Initialized JPA EntityManagerFactory for persistence unit 'default'
2019-08-19 14:22:07.086 [main] INFO  com.payProject.config.listener.EnvironmentConfig - 操作系统的名称：Windows 10
2019-08-19 14:22:07.087 [main] INFO  com.payProject.config.listener.EnvironmentConfig - 操作系统的构架：amd64
2019-08-19 14:22:07.087 [main] INFO  com.payProject.config.listener.EnvironmentConfig - 操作系统的版本：10.0
2019-08-19 14:22:07.087 [main] INFO  com.payProject.config.listener.EnvironmentConfig - 配置信息获取：jdbc:mysql://127.0.0.1:3306/payproject?characterEncoding=UTF-8
2019-08-19 14:22:08.482 [main] INFO  o.s.scheduling.concurrent.ThreadPoolTaskExecutor - Initializing ExecutorService 'applicationTaskExecutor'
2019-08-19 14:22:08.567 [main] INFO  com.payProject.config.interceptor.WebConfiguration - --------------------->>加载自定义拦截器-----
2019-08-19 14:22:08.571 [main] WARN  o.s.b.a.o.j.JpaBaseConfiguration$JpaWebConfiguration$JpaWebMvcConfiguration - spring.jpa.open-in-view is enabled by default. Therefore, database queries may be performed during view rendering. Explicitly configure spring.jpa.open-in-view to disable this warning
2019-08-19 14:22:08.781 [main] INFO  o.s.b.a.web.servlet.WelcomePageHandlerMapping - Adding welcome page template: index
2019-08-19 14:22:09.638 [main] INFO  parProject.com.test.test.BankCard - Started BankCard in 8.145 seconds (JVM running for 9.897)
2019-08-19 14:22:47.397 [Thread-3] INFO  o.s.scheduling.concurrent.ThreadPoolTaskExecutor - Shutting down ExecutorService 'applicationTaskExecutor'
2019-08-19 14:22:47.399 [Thread-3] INFO  o.s.orm.jpa.LocalContainerEntityManagerFactoryBean - Closing JPA EntityManagerFactory for persistence unit 'default'
2019-08-19 14:22:47.408 [Thread-3] INFO  com.zaxxer.hikari.HikariDataSource - HikariPool-1 - Shutdown initiated...
2019-08-19 14:22:47.423 [Thread-3] INFO  com.zaxxer.hikari.HikariDataSource - HikariPool-1 - Shutdown completed.
2019-08-19 14:23:54.594 [main] INFO  o.s.b.t.context.SpringBootTestContextBootstrapper - Neither @ContextConfiguration nor @ContextHierarchy found for test class [parProject.com.test.test.BankCard], using SpringBootContextLoader
2019-08-19 14:23:54.598 [main] INFO  o.s.test.context.support.AbstractContextLoader - Could not detect default resource locations for test class [parProject.com.test.test.BankCard]: no resource found for suffixes {-context.xml, Context.groovy}.
2019-08-19 14:23:54.741 [main] INFO  o.s.b.t.context.SpringBootTestContextBootstrapper - Loaded default TestExecutionListener class names from location [META-INF/spring.factories]: [org.springframework.boot.test.mock.mockito.MockitoTestExecutionListener, org.springframework.boot.test.mock.mockito.ResetMocksTestExecutionListener, org.springframework.boot.test.autoconfigure.restdocs.RestDocsTestExecutionListener, org.springframework.boot.test.autoconfigure.web.client.MockRestServiceServerResetTestExecutionListener, org.springframework.boot.test.autoconfigure.web.servlet.MockMvcPrintOnlyOnFailureTestExecutionListener, org.springframework.boot.test.autoconfigure.web.servlet.WebDriverTestExecutionListener, org.springframework.test.context.web.ServletTestExecutionListener, org.springframework.test.context.support.DirtiesContextBeforeModesTestExecutionListener, org.springframework.test.context.support.DependencyInjectionTestExecutionListener, org.springframework.test.context.support.DirtiesContextTestExecutionListener, org.springframework.test.context.transaction.TransactionalTestExecutionListener, org.springframework.test.context.jdbc.SqlScriptsTestExecutionListener]
2019-08-19 14:23:54.755 [main] INFO  o.s.b.t.context.SpringBootTestContextBootstrapper - Using TestExecutionListeners: [org.springframework.test.context.web.ServletTestExecutionListener@179ece50, org.springframework.test.context.support.DirtiesContextBeforeModesTestExecutionListener@3b0090a4, org.springframework.boot.test.mock.mockito.MockitoTestExecutionListener@3cd3e762, org.springframework.boot.test.autoconfigure.SpringBootDependencyInjectionTestExecutionListener@1fa121e2, org.springframework.test.context.support.DirtiesContextTestExecutionListener@7eac9008, org.springframework.test.context.transaction.TransactionalTestExecutionListener@4116aac9, org.springframework.test.context.jdbc.SqlScriptsTestExecutionListener@62ddbd7e, org.springframework.boot.test.mock.mockito.ResetMocksTestExecutionListener@74e52ef6, org.springframework.boot.test.autoconfigure.restdocs.RestDocsTestExecutionListener@6ed3ccb2, org.springframework.boot.test.autoconfigure.web.client.MockRestServiceServerResetTestExecutionListener@1a677343, org.springframework.boot.test.autoconfigure.web.servlet.MockMvcPrintOnlyOnFailureTestExecutionListener@15de0b3c, org.springframework.boot.test.autoconfigure.web.servlet.WebDriverTestExecutionListener@489115ef]
2019-08-19 14:23:55.064 [main] INFO  parProject.com.test.test.BankCard - Starting BankCard on DESKTOP-7NQ821V with PID 16284 (started by ADMIN in C:\Users\ADMIN\git\new\payproduct\parProject)
2019-08-19 14:23:55.065 [main] INFO  parProject.com.test.test.BankCard - No active profile set, falling back to default profiles: default
2019-08-19 14:23:55.963 [main] INFO  o.s.d.r.config.RepositoryConfigurationDelegate - Multiple Spring Data modules found, entering strict repository configuration mode!
2019-08-19 14:23:55.965 [main] INFO  o.s.d.r.config.RepositoryConfigurationDelegate - Bootstrapping Spring Data repositories in DEFAULT mode.
2019-08-19 14:23:56.001 [main] INFO  o.s.d.r.config.RepositoryConfigurationDelegate - Finished Spring Data repository scanning in 25ms. Found 0 repository interfaces.
2019-08-19 14:23:56.018 [main] INFO  o.s.d.r.config.RepositoryConfigurationDelegate - Multiple Spring Data modules found, entering strict repository configuration mode!
2019-08-19 14:23:56.019 [main] INFO  o.s.d.r.config.RepositoryConfigurationDelegate - Bootstrapping Spring Data repositories in DEFAULT mode.
2019-08-19 14:23:56.046 [main] INFO  o.s.d.r.config.RepositoryConfigurationDelegate - Finished Spring Data repository scanning in 16ms. Found 0 repository interfaces.
2019-08-19 14:23:56.455 [main] INFO  o.s.c.s.PostProcessorRegistrationDelegate$BeanPostProcessorChecker - Bean 'org.springframework.transaction.annotation.ProxyTransactionManagementConfiguration' of type [org.springframework.transaction.annotation.ProxyTransactionManagementConfiguration$$EnhancerBySpringCGLIB$$996308ce] is not eligible for getting processed by all BeanPostProcessors (for example: not eligible for auto-proxying)
2019-08-19 14:23:56.618 [main] INFO  o.s.c.s.PostProcessorRegistrationDelegate$BeanPostProcessorChecker - Bean 'redisConfig' of type [com.payProject.config.redis.RedisConfig$$EnhancerBySpringCGLIB$$a8ae9ce1] is not eligible for getting processed by all BeanPostProcessors (for example: not eligible for auto-proxying)
2019-08-19 14:23:56.653 [main] INFO  o.s.c.s.PostProcessorRegistrationDelegate$BeanPostProcessorChecker - Bean 'shiroConfig' of type [com.payProject.system.shiro.ShiroConfig$$EnhancerBySpringCGLIB$$220c781a] is not eligible for getting processed by all BeanPostProcessors (for example: not eligible for auto-proxying)
2019-08-19 14:23:56.865 [main] INFO  o.s.c.s.PostProcessorRegistrationDelegate$BeanPostProcessorChecker - Bean 'org.springframework.boot.autoconfigure.data.redis.RedisAutoConfiguration' of type [org.springframework.boot.autoconfigure.data.redis.RedisAutoConfiguration$$EnhancerBySpringCGLIB$$8efa340a] is not eligible for getting processed by all BeanPostProcessors (for example: not eligible for auto-proxying)
2019-08-19 14:23:56.889 [main] INFO  o.s.c.s.PostProcessorRegistrationDelegate$BeanPostProcessorChecker - Bean 'spring.redis-org.springframework.boot.autoconfigure.data.redis.RedisProperties' of type [org.springframework.boot.autoconfigure.data.redis.RedisProperties] is not eligible for getting processed by all BeanPostProcessors (for example: not eligible for auto-proxying)
2019-08-19 14:23:56.897 [main] INFO  o.s.c.s.PostProcessorRegistrationDelegate$BeanPostProcessorChecker - Bean 'org.springframework.boot.autoconfigure.data.redis.LettuceConnectionConfiguration' of type [org.springframework.boot.autoconfigure.data.redis.LettuceConnectionConfiguration$$EnhancerBySpringCGLIB$$ae7cc718] is not eligible for getting processed by all BeanPostProcessors (for example: not eligible for auto-proxying)
2019-08-19 14:23:57.026 [main] INFO  o.s.c.s.PostProcessorRegistrationDelegate$BeanPostProcessorChecker - Bean 'lettuceClientResources' of type [io.lettuce.core.resource.DefaultClientResources] is not eligible for getting processed by all BeanPostProcessors (for example: not eligible for auto-proxying)
2019-08-19 14:23:57.115 [main] INFO  o.s.c.s.PostProcessorRegistrationDelegate$BeanPostProcessorChecker - Bean 'redisConnectionFactory' of type [org.springframework.data.redis.connection.lettuce.LettuceConnectionFactory] is not eligible for getting processed by all BeanPostProcessors (for example: not eligible for auto-proxying)
2019-08-19 14:23:57.146 [main] INFO  o.s.c.s.PostProcessorRegistrationDelegate$BeanPostProcessorChecker - Bean 'stringRedisTemplate' of type [org.springframework.data.redis.core.StringRedisTemplate] is not eligible for getting processed by all BeanPostProcessors (for example: not eligible for auto-proxying)
2019-08-19 14:23:57.180 [main] INFO  o.s.c.s.PostProcessorRegistrationDelegate$BeanPostProcessorChecker - Bean 'MyHashedCredentialsMatcher' of type [com.payProject.system.shiro.MyHashedCredentialsMatcher] is not eligible for getting processed by all BeanPostProcessors (for example: not eligible for auto-proxying)
2019-08-19 14:23:57.215 [main] INFO  o.s.c.s.PostProcessorRegistrationDelegate$BeanPostProcessorChecker - Bean 'mybatis-org.mybatis.spring.boot.autoconfigure.MybatisProperties' of type [org.mybatis.spring.boot.autoconfigure.MybatisProperties] is not eligible for getting processed by all BeanPostProcessors (for example: not eligible for auto-proxying)
2019-08-19 14:23:57.221 [main] INFO  o.s.c.s.PostProcessorRegistrationDelegate$BeanPostProcessorChecker - Bean 'org.mybatis.spring.boot.autoconfigure.MybatisAutoConfiguration' of type [org.mybatis.spring.boot.autoconfigure.MybatisAutoConfiguration$$EnhancerBySpringCGLIB$$cc3759fe] is not eligible for getting processed by all BeanPostProcessors (for example: not eligible for auto-proxying)
2019-08-19 14:23:57.229 [main] INFO  o.s.c.s.PostProcessorRegistrationDelegate$BeanPostProcessorChecker - Bean 'org.springframework.boot.autoconfigure.jdbc.DataSourceConfiguration$Hikari' of type [org.springframework.boot.autoconfigure.jdbc.DataSourceConfiguration$Hikari$$EnhancerBySpringCGLIB$$d9e272bb] is not eligible for getting processed by all BeanPostProcessors (for example: not eligible for auto-proxying)
2019-08-19 14:23:57.243 [main] INFO  o.s.c.s.PostProcessorRegistrationDelegate$BeanPostProcessorChecker - Bean 'spring.datasource-org.springframework.boot.autoconfigure.jdbc.DataSourceProperties' of type [org.springframework.boot.autoconfigure.jdbc.DataSourceProperties] is not eligible for getting processed by all BeanPostProcessors (for example: not eligible for auto-proxying)
2019-08-19 14:23:57.285 [main] INFO  o.s.c.s.PostProcessorRegistrationDelegate$BeanPostProcessorChecker - Bean 'dataSource' of type [com.zaxxer.hikari.HikariDataSource] is not eligible for getting processed by all BeanPostProcessors (for example: not eligible for auto-proxying)
2019-08-19 14:23:57.305 [main] INFO  o.s.c.s.PostProcessorRegistrationDelegate$BeanPostProcessorChecker - Bean 'org.springframework.boot.autoconfigure.jdbc.DataSourceInitializerInvoker' of type [org.springframework.boot.autoconfigure.jdbc.DataSourceInitializerInvoker] is not eligible for getting processed by all BeanPostProcessors (for example: not eligible for auto-proxying)
2019-08-19 14:23:57.362 [main] INFO  o.s.c.s.PostProcessorRegistrationDelegate$BeanPostProcessorChecker - Bean 'sqlSessionFactory' of type [org.apache.ibatis.session.defaults.DefaultSqlSessionFactory] is not eligible for getting processed by all BeanPostProcessors (for example: not eligible for auto-proxying)
2019-08-19 14:23:57.373 [main] INFO  o.s.c.s.PostProcessorRegistrationDelegate$BeanPostProcessorChecker - Bean 'sqlSessionTemplate' of type [org.mybatis.spring.SqlSessionTemplate] is not eligible for getting processed by all BeanPostProcessors (for example: not eligible for auto-proxying)
2019-08-19 14:23:57.474 [main] INFO  o.s.c.s.PostProcessorRegistrationDelegate$BeanPostProcessorChecker - Bean 'userMapper' of type [org.mybatis.spring.mapper.MapperFactoryBean] is not eligible for getting processed by all BeanPostProcessors (for example: not eligible for auto-proxying)
2019-08-19 14:23:57.477 [main] INFO  o.s.c.s.PostProcessorRegistrationDelegate$BeanPostProcessorChecker - Bean 'userMapper' of type [com.sun.proxy.$Proxy78] is not eligible for getting processed by all BeanPostProcessors (for example: not eligible for auto-proxying)
2019-08-19 14:23:57.498 [main] INFO  o.s.c.s.PostProcessorRegistrationDelegate$BeanPostProcessorChecker - Bean 'resourcesMapper' of type [org.mybatis.spring.mapper.MapperFactoryBean] is not eligible for getting processed by all BeanPostProcessors (for example: not eligible for auto-proxying)
2019-08-19 14:23:57.500 [main] INFO  o.s.c.s.PostProcessorRegistrationDelegate$BeanPostProcessorChecker - Bean 'resourcesMapper' of type [com.sun.proxy.$Proxy79] is not eligible for getting processed by all BeanPostProcessors (for example: not eligible for auto-proxying)
2019-08-19 14:23:57.514 [main] INFO  o.s.c.s.PostProcessorRegistrationDelegate$BeanPostProcessorChecker - Bean 'roleMapper' of type [org.mybatis.spring.mapper.MapperFactoryBean] is not eligible for getting processed by all BeanPostProcessors (for example: not eligible for auto-proxying)
2019-08-19 14:23:57.516 [main] INFO  o.s.c.s.PostProcessorRegistrationDelegate$BeanPostProcessorChecker - Bean 'roleMapper' of type [com.sun.proxy.$Proxy80] is not eligible for getting processed by all BeanPostProcessors (for example: not eligible for auto-proxying)
2019-08-19 14:23:57.519 [main] INFO  o.s.c.s.PostProcessorRegistrationDelegate$BeanPostProcessorChecker - Bean 'myShiroRealm' of type [com.payProject.system.shiro.MyShiroRealm] is not eligible for getting processed by all BeanPostProcessors (for example: not eligible for auto-proxying)
2019-08-19 14:23:57.548 [main] INFO  o.s.c.s.PostProcessorRegistrationDelegate$BeanPostProcessorChecker - Bean 'redisSessionDAO' of type [org.crazycake.shiro.RedisSessionDAO] is not eligible for getting processed by all BeanPostProcessors (for example: not eligible for auto-proxying)
2019-08-19 14:23:57.561 [main] INFO  o.s.c.s.PostProcessorRegistrationDelegate$BeanPostProcessorChecker - Bean 'sessionManager' of type [org.apache.shiro.web.session.mgt.DefaultWebSessionManager] is not eligible for getting processed by all BeanPostProcessors (for example: not eligible for auto-proxying)
2019-08-19 14:23:57.581 [main] INFO  o.s.c.s.PostProcessorRegistrationDelegate$BeanPostProcessorChecker - Bean 'securityManager' of type [org.apache.shiro.web.mgt.DefaultWebSecurityManager] is not eligible for getting processed by all BeanPostProcessors (for example: not eligible for auto-proxying)
2019-08-19 14:23:57.590 [main] INFO  com.payProject.system.shiro.ShiroConfig - ---shiroFilter---:shiro过滤器发挥作用
2019-08-19 14:23:57.593 [main] INFO  com.payProject.system.shiro.ShiroConfig - ---------------------shiroFilter--------------------:shiro过滤器发挥作用------->权限过滤器
2019-08-19 14:23:57.777 [main] INFO  com.zaxxer.hikari.HikariDataSource - HikariPool-1 - Starting...
2019-08-19 14:23:57.953 [main] INFO  com.zaxxer.hikari.HikariDataSource - HikariPool-1 - Start completed.
2019-08-19 14:23:58.062 [main] INFO  org.hibernate.jpa.internal.util.LogHelper - HHH000204: Processing PersistenceUnitInfo [
	name: default
	...]
2019-08-19 14:23:58.143 [main] INFO  org.hibernate.Version - HHH000412: Hibernate Core {5.3.10.Final}
2019-08-19 14:23:58.144 [main] INFO  org.hibernate.cfg.Environment - HHH000206: hibernate.properties not found
2019-08-19 14:23:58.290 [main] INFO  org.hibernate.annotations.common.Version - HCANN000001: Hibernate Commons Annotations {5.0.4.Final}
2019-08-19 14:23:58.447 [main] INFO  org.hibernate.dialect.Dialect - HHH000400: Using dialect: org.hibernate.dialect.MySQL5Dialect
2019-08-19 14:23:58.623 [main] INFO  o.s.orm.jpa.LocalContainerEntityManagerFactoryBean - Initialized JPA EntityManagerFactory for persistence unit 'default'
2019-08-19 14:23:58.693 [main] INFO  com.payProject.config.listener.EnvironmentConfig - 操作系统的名称：Windows 10
2019-08-19 14:23:58.693 [main] INFO  com.payProject.config.listener.EnvironmentConfig - 操作系统的构架：amd64
2019-08-19 14:23:58.693 [main] INFO  com.payProject.config.listener.EnvironmentConfig - 操作系统的版本：10.0
2019-08-19 14:23:58.693 [main] INFO  com.payProject.config.listener.EnvironmentConfig - 配置信息获取：jdbc:mysql://127.0.0.1:3306/payproject?characterEncoding=UTF-8
2019-08-19 14:23:59.474 [main] INFO  o.s.scheduling.concurrent.ThreadPoolTaskExecutor - Initializing ExecutorService 'applicationTaskExecutor'
2019-08-19 14:23:59.662 [main] INFO  com.payProject.config.interceptor.WebConfiguration - --------------------->>加载自定义拦截器-----
2019-08-19 14:23:59.665 [main] WARN  o.s.b.a.o.j.JpaBaseConfiguration$JpaWebConfiguration$JpaWebMvcConfiguration - spring.jpa.open-in-view is enabled by default. Therefore, database queries may be performed during view rendering. Explicitly configure spring.jpa.open-in-view to disable this warning
2019-08-19 14:23:59.802 [main] INFO  o.s.b.a.web.servlet.WelcomePageHandlerMapping - Adding welcome page template: index
2019-08-19 14:24:00.291 [main] INFO  parProject.com.test.test.BankCard - Started BankCard in 5.486 seconds (JVM running for 6.214)
2019-08-19 14:24:00.445 [Thread-3] INFO  o.s.scheduling.concurrent.ThreadPoolTaskExecutor - Shutting down ExecutorService 'applicationTaskExecutor'
2019-08-19 14:24:00.447 [Thread-3] INFO  o.s.orm.jpa.LocalContainerEntityManagerFactoryBean - Closing JPA EntityManagerFactory for persistence unit 'default'
2019-08-19 14:24:00.453 [Thread-3] INFO  com.zaxxer.hikari.HikariDataSource - HikariPool-1 - Shutdown initiated...
2019-08-19 14:24:00.456 [Thread-3] INFO  com.zaxxer.hikari.HikariDataSource - HikariPool-1 - Shutdown completed.
2019-08-19 14:25:34.612 [main] INFO  o.s.b.t.context.SpringBootTestContextBootstrapper - Neither @ContextConfiguration nor @ContextHierarchy found for test class [parProject.com.test.test.BankCard], using SpringBootContextLoader
2019-08-19 14:25:34.617 [main] INFO  o.s.test.context.support.AbstractContextLoader - Could not detect default resource locations for test class [parProject.com.test.test.BankCard]: no resource found for suffixes {-context.xml, Context.groovy}.
2019-08-19 14:25:34.751 [main] INFO  o.s.b.t.context.SpringBootTestContextBootstrapper - Loaded default TestExecutionListener class names from location [META-INF/spring.factories]: [org.springframework.boot.test.mock.mockito.MockitoTestExecutionListener, org.springframework.boot.test.mock.mockito.ResetMocksTestExecutionListener, org.springframework.boot.test.autoconfigure.restdocs.RestDocsTestExecutionListener, org.springframework.boot.test.autoconfigure.web.client.MockRestServiceServerResetTestExecutionListener, org.springframework.boot.test.autoconfigure.web.servlet.MockMvcPrintOnlyOnFailureTestExecutionListener, org.springframework.boot.test.autoconfigure.web.servlet.WebDriverTestExecutionListener, org.springframework.test.context.web.ServletTestExecutionListener, org.springframework.test.context.support.DirtiesContextBeforeModesTestExecutionListener, org.springframework.test.context.support.DependencyInjectionTestExecutionListener, org.springframework.test.context.support.DirtiesContextTestExecutionListener, org.springframework.test.context.transaction.TransactionalTestExecutionListener, org.springframework.test.context.jdbc.SqlScriptsTestExecutionListener]
2019-08-19 14:25:34.766 [main] INFO  o.s.b.t.context.SpringBootTestContextBootstrapper - Using TestExecutionListeners: [org.springframework.test.context.web.ServletTestExecutionListener@179ece50, org.springframework.test.context.support.DirtiesContextBeforeModesTestExecutionListener@3b0090a4, org.springframework.boot.test.mock.mockito.MockitoTestExecutionListener@3cd3e762, org.springframework.boot.test.autoconfigure.SpringBootDependencyInjectionTestExecutionListener@1fa121e2, org.springframework.test.context.support.DirtiesContextTestExecutionListener@7eac9008, org.springframework.test.context.transaction.TransactionalTestExecutionListener@4116aac9, org.springframework.test.context.jdbc.SqlScriptsTestExecutionListener@62ddbd7e, org.springframework.boot.test.mock.mockito.ResetMocksTestExecutionListener@74e52ef6, org.springframework.boot.test.autoconfigure.restdocs.RestDocsTestExecutionListener@6ed3ccb2, org.springframework.boot.test.autoconfigure.web.client.MockRestServiceServerResetTestExecutionListener@1a677343, org.springframework.boot.test.autoconfigure.web.servlet.MockMvcPrintOnlyOnFailureTestExecutionListener@15de0b3c, org.springframework.boot.test.autoconfigure.web.servlet.WebDriverTestExecutionListener@489115ef]
2019-08-19 14:25:35.028 [main] INFO  parProject.com.test.test.BankCard - Starting BankCard on DESKTOP-7NQ821V with PID 14736 (started by ADMIN in C:\Users\ADMIN\git\new\payproduct\parProject)
2019-08-19 14:25:35.029 [main] INFO  parProject.com.test.test.BankCard - No active profile set, falling back to default profiles: default
2019-08-19 14:25:35.937 [main] INFO  o.s.d.r.config.RepositoryConfigurationDelegate - Multiple Spring Data modules found, entering strict repository configuration mode!
2019-08-19 14:25:35.940 [main] INFO  o.s.d.r.config.RepositoryConfigurationDelegate - Bootstrapping Spring Data repositories in DEFAULT mode.
2019-08-19 14:25:35.981 [main] INFO  o.s.d.r.config.RepositoryConfigurationDelegate - Finished Spring Data repository scanning in 29ms. Found 0 repository interfaces.
2019-08-19 14:25:36.000 [main] INFO  o.s.d.r.config.RepositoryConfigurationDelegate - Multiple Spring Data modules found, entering strict repository configuration mode!
2019-08-19 14:25:36.001 [main] INFO  o.s.d.r.config.RepositoryConfigurationDelegate - Bootstrapping Spring Data repositories in DEFAULT mode.
2019-08-19 14:25:36.025 [main] INFO  o.s.d.r.config.RepositoryConfigurationDelegate - Finished Spring Data repository scanning in 14ms. Found 0 repository interfaces.
2019-08-19 14:25:36.453 [main] INFO  o.s.c.s.PostProcessorRegistrationDelegate$BeanPostProcessorChecker - Bean 'org.springframework.transaction.annotation.ProxyTransactionManagementConfiguration' of type [org.springframework.transaction.annotation.ProxyTransactionManagementConfiguration$$EnhancerBySpringCGLIB$$f2664999] is not eligible for getting processed by all BeanPostProcessors (for example: not eligible for auto-proxying)
2019-08-19 14:25:36.655 [main] INFO  o.s.c.s.PostProcessorRegistrationDelegate$BeanPostProcessorChecker - Bean 'redisConfig' of type [com.payProject.config.redis.RedisConfig$$EnhancerBySpringCGLIB$$1b1ddac] is not eligible for getting processed by all BeanPostProcessors (for example: not eligible for auto-proxying)
2019-08-19 14:25:36.699 [main] INFO  o.s.c.s.PostProcessorRegistrationDelegate$BeanPostProcessorChecker - Bean 'shiroConfig' of type [com.payProject.system.shiro.ShiroConfig$$EnhancerBySpringCGLIB$$7b0fb8e5] is not eligible for getting processed by all BeanPostProcessors (for example: not eligible for auto-proxying)
2019-08-19 14:25:36.908 [main] INFO  o.s.c.s.PostProcessorRegistrationDelegate$BeanPostProcessorChecker - Bean 'org.springframework.boot.autoconfigure.data.redis.RedisAutoConfiguration' of type [org.springframework.boot.autoconfigure.data.redis.RedisAutoConfiguration$$EnhancerBySpringCGLIB$$e7fd74d5] is not eligible for getting processed by all BeanPostProcessors (for example: not eligible for auto-proxying)
2019-08-19 14:25:36.931 [main] INFO  o.s.c.s.PostProcessorRegistrationDelegate$BeanPostProcessorChecker - Bean 'spring.redis-org.springframework.boot.autoconfigure.data.redis.RedisProperties' of type [org.springframework.boot.autoconfigure.data.redis.RedisProperties] is not eligible for getting processed by all BeanPostProcessors (for example: not eligible for auto-proxying)
2019-08-19 14:25:36.939 [main] INFO  o.s.c.s.PostProcessorRegistrationDelegate$BeanPostProcessorChecker - Bean 'org.springframework.boot.autoconfigure.data.redis.LettuceConnectionConfiguration' of type [org.springframework.boot.autoconfigure.data.redis.LettuceConnectionConfiguration$$EnhancerBySpringCGLIB$$78007e3] is not eligible for getting processed by all BeanPostProcessors (for example: not eligible for auto-proxying)
2019-08-19 14:25:37.078 [main] INFO  o.s.c.s.PostProcessorRegistrationDelegate$BeanPostProcessorChecker - Bean 'lettuceClientResources' of type [io.lettuce.core.resource.DefaultClientResources] is not eligible for getting processed by all BeanPostProcessors (for example: not eligible for auto-proxying)
2019-08-19 14:25:37.179 [main] INFO  o.s.c.s.PostProcessorRegistrationDelegate$BeanPostProcessorChecker - Bean 'redisConnectionFactory' of type [org.springframework.data.redis.connection.lettuce.LettuceConnectionFactory] is not eligible for getting processed by all BeanPostProcessors (for example: not eligible for auto-proxying)
2019-08-19 14:25:37.215 [main] INFO  o.s.c.s.PostProcessorRegistrationDelegate$BeanPostProcessorChecker - Bean 'stringRedisTemplate' of type [org.springframework.data.redis.core.StringRedisTemplate] is not eligible for getting processed by all BeanPostProcessors (for example: not eligible for auto-proxying)
2019-08-19 14:25:37.253 [main] INFO  o.s.c.s.PostProcessorRegistrationDelegate$BeanPostProcessorChecker - Bean 'MyHashedCredentialsMatcher' of type [com.payProject.system.shiro.MyHashedCredentialsMatcher] is not eligible for getting processed by all BeanPostProcessors (for example: not eligible for auto-proxying)
2019-08-19 14:25:37.293 [main] INFO  o.s.c.s.PostProcessorRegistrationDelegate$BeanPostProcessorChecker - Bean 'mybatis-org.mybatis.spring.boot.autoconfigure.MybatisProperties' of type [org.mybatis.spring.boot.autoconfigure.MybatisProperties] is not eligible for getting processed by all BeanPostProcessors (for example: not eligible for auto-proxying)
2019-08-19 14:25:37.298 [main] INFO  o.s.c.s.PostProcessorRegistrationDelegate$BeanPostProcessorChecker - Bean 'org.mybatis.spring.boot.autoconfigure.MybatisAutoConfiguration' of type [org.mybatis.spring.boot.autoconfigure.MybatisAutoConfiguration$$EnhancerBySpringCGLIB$$253a9ac9] is not eligible for getting processed by all BeanPostProcessors (for example: not eligible for auto-proxying)
2019-08-19 14:25:37.307 [main] INFO  o.s.c.s.PostProcessorRegistrationDelegate$BeanPostProcessorChecker - Bean 'org.springframework.boot.autoconfigure.jdbc.DataSourceConfiguration$Hikari' of type [org.springframework.boot.autoconfigure.jdbc.DataSourceConfiguration$Hikari$$EnhancerBySpringCGLIB$$32e5b386] is not eligible for getting processed by all BeanPostProcessors (for example: not eligible for auto-proxying)
2019-08-19 14:25:37.326 [main] INFO  o.s.c.s.PostProcessorRegistrationDelegate$BeanPostProcessorChecker - Bean 'spring.datasource-org.springframework.boot.autoconfigure.jdbc.DataSourceProperties' of type [org.springframework.boot.autoconfigure.jdbc.DataSourceProperties] is not eligible for getting processed by all BeanPostProcessors (for example: not eligible for auto-proxying)
2019-08-19 14:25:37.374 [main] INFO  o.s.c.s.PostProcessorRegistrationDelegate$BeanPostProcessorChecker - Bean 'dataSource' of type [com.zaxxer.hikari.HikariDataSource] is not eligible for getting processed by all BeanPostProcessors (for example: not eligible for auto-proxying)
2019-08-19 14:25:37.392 [main] INFO  o.s.c.s.PostProcessorRegistrationDelegate$BeanPostProcessorChecker - Bean 'org.springframework.boot.autoconfigure.jdbc.DataSourceInitializerInvoker' of type [org.springframework.boot.autoconfigure.jdbc.DataSourceInitializerInvoker] is not eligible for getting processed by all BeanPostProcessors (for example: not eligible for auto-proxying)
2019-08-19 14:25:37.443 [main] INFO  o.s.c.s.PostProcessorRegistrationDelegate$BeanPostProcessorChecker - Bean 'sqlSessionFactory' of type [org.apache.ibatis.session.defaults.DefaultSqlSessionFactory] is not eligible for getting processed by all BeanPostProcessors (for example: not eligible for auto-proxying)
2019-08-19 14:25:37.456 [main] INFO  o.s.c.s.PostProcessorRegistrationDelegate$BeanPostProcessorChecker - Bean 'sqlSessionTemplate' of type [org.mybatis.spring.SqlSessionTemplate] is not eligible for getting processed by all BeanPostProcessors (for example: not eligible for auto-proxying)
2019-08-19 14:25:37.587 [main] INFO  o.s.c.s.PostProcessorRegistrationDelegate$BeanPostProcessorChecker - Bean 'userMapper' of type [org.mybatis.spring.mapper.MapperFactoryBean] is not eligible for getting processed by all BeanPostProcessors (for example: not eligible for auto-proxying)
2019-08-19 14:25:37.592 [main] INFO  o.s.c.s.PostProcessorRegistrationDelegate$BeanPostProcessorChecker - Bean 'userMapper' of type [com.sun.proxy.$Proxy78] is not eligible for getting processed by all BeanPostProcessors (for example: not eligible for auto-proxying)
2019-08-19 14:25:37.623 [main] INFO  o.s.c.s.PostProcessorRegistrationDelegate$BeanPostProcessorChecker - Bean 'resourcesMapper' of type [org.mybatis.spring.mapper.MapperFactoryBean] is not eligible for getting processed by all BeanPostProcessors (for example: not eligible for auto-proxying)
2019-08-19 14:25:37.625 [main] INFO  o.s.c.s.PostProcessorRegistrationDelegate$BeanPostProcessorChecker - Bean 'resourcesMapper' of type [com.sun.proxy.$Proxy79] is not eligible for getting processed by all BeanPostProcessors (for example: not eligible for auto-proxying)
2019-08-19 14:25:37.648 [main] INFO  o.s.c.s.PostProcessorRegistrationDelegate$BeanPostProcessorChecker - Bean 'roleMapper' of type [org.mybatis.spring.mapper.MapperFactoryBean] is not eligible for getting processed by all BeanPostProcessors (for example: not eligible for auto-proxying)
2019-08-19 14:25:37.650 [main] INFO  o.s.c.s.PostProcessorRegistrationDelegate$BeanPostProcessorChecker - Bean 'roleMapper' of type [com.sun.proxy.$Proxy80] is not eligible for getting processed by all BeanPostProcessors (for example: not eligible for auto-proxying)
2019-08-19 14:25:37.652 [main] INFO  o.s.c.s.PostProcessorRegistrationDelegate$BeanPostProcessorChecker - Bean 'myShiroRealm' of type [com.payProject.system.shiro.MyShiroRealm] is not eligible for getting processed by all BeanPostProcessors (for example: not eligible for auto-proxying)
2019-08-19 14:25:37.683 [main] INFO  o.s.c.s.PostProcessorRegistrationDelegate$BeanPostProcessorChecker - Bean 'redisSessionDAO' of type [org.crazycake.shiro.RedisSessionDAO] is not eligible for getting processed by all BeanPostProcessors (for example: not eligible for auto-proxying)
2019-08-19 14:25:37.693 [main] INFO  o.s.c.s.PostProcessorRegistrationDelegate$BeanPostProcessorChecker - Bean 'sessionManager' of type [org.apache.shiro.web.session.mgt.DefaultWebSessionManager] is not eligible for getting processed by all BeanPostProcessors (for example: not eligible for auto-proxying)
2019-08-19 14:25:37.710 [main] INFO  o.s.c.s.PostProcessorRegistrationDelegate$BeanPostProcessorChecker - Bean 'securityManager' of type [org.apache.shiro.web.mgt.DefaultWebSecurityManager] is not eligible for getting processed by all BeanPostProcessors (for example: not eligible for auto-proxying)
2019-08-19 14:25:37.719 [main] INFO  com.payProject.system.shiro.ShiroConfig - ---shiroFilter---:shiro过滤器发挥作用
2019-08-19 14:25:37.723 [main] INFO  com.payProject.system.shiro.ShiroConfig - ---------------------shiroFilter--------------------:shiro过滤器发挥作用------->权限过滤器
2019-08-19 14:25:37.953 [main] INFO  com.zaxxer.hikari.HikariDataSource - HikariPool-1 - Starting...
2019-08-19 14:25:38.150 [main] INFO  com.zaxxer.hikari.HikariDataSource - HikariPool-1 - Start completed.
2019-08-19 14:25:38.256 [main] INFO  org.hibernate.jpa.internal.util.LogHelper - HHH000204: Processing PersistenceUnitInfo [
	name: default
	...]
2019-08-19 14:25:38.360 [main] INFO  org.hibernate.Version - HHH000412: Hibernate Core {5.3.10.Final}
2019-08-19 14:25:38.362 [main] INFO  org.hibernate.cfg.Environment - HHH000206: hibernate.properties not found
2019-08-19 14:25:38.516 [main] INFO  org.hibernate.annotations.common.Version - HCANN000001: Hibernate Commons Annotations {5.0.4.Final}
2019-08-19 14:25:38.677 [main] INFO  org.hibernate.dialect.Dialect - HHH000400: Using dialect: org.hibernate.dialect.MySQL5Dialect
2019-08-19 14:25:38.870 [main] INFO  o.s.orm.jpa.LocalContainerEntityManagerFactoryBean - Initialized JPA EntityManagerFactory for persistence unit 'default'
2019-08-19 14:25:38.932 [main] INFO  com.payProject.config.listener.EnvironmentConfig - 操作系统的名称：Windows 10
2019-08-19 14:25:38.932 [main] INFO  com.payProject.config.listener.EnvironmentConfig - 操作系统的构架：amd64
2019-08-19 14:25:38.932 [main] INFO  com.payProject.config.listener.EnvironmentConfig - 操作系统的版本：10.0
2019-08-19 14:25:38.933 [main] INFO  com.payProject.config.listener.EnvironmentConfig - 配置信息获取：jdbc:mysql://127.0.0.1:3306/payproject?characterEncoding=UTF-8
2019-08-19 14:25:39.724 [main] INFO  o.s.scheduling.concurrent.ThreadPoolTaskExecutor - Initializing ExecutorService 'applicationTaskExecutor'
2019-08-19 14:25:39.972 [main] INFO  com.payProject.config.interceptor.WebConfiguration - --------------------->>加载自定义拦截器-----
2019-08-19 14:25:39.974 [main] WARN  o.s.b.a.o.j.JpaBaseConfiguration$JpaWebConfiguration$JpaWebMvcConfiguration - spring.jpa.open-in-view is enabled by default. Therefore, database queries may be performed during view rendering. Explicitly configure spring.jpa.open-in-view to disable this warning
2019-08-19 14:25:40.112 [main] INFO  o.s.b.a.web.servlet.WelcomePageHandlerMapping - Adding welcome page template: index
2019-08-19 14:25:40.592 [main] INFO  parProject.com.test.test.BankCard - Started BankCard in 5.779 seconds (JVM running for 6.508)
2019-08-19 14:25:40.736 [Thread-3] INFO  o.s.scheduling.concurrent.ThreadPoolTaskExecutor - Shutting down ExecutorService 'applicationTaskExecutor'
2019-08-19 14:25:40.737 [Thread-3] INFO  o.s.orm.jpa.LocalContainerEntityManagerFactoryBean - Closing JPA EntityManagerFactory for persistence unit 'default'
2019-08-19 14:25:40.742 [Thread-3] INFO  com.zaxxer.hikari.HikariDataSource - HikariPool-1 - Shutdown initiated...
2019-08-19 14:25:40.747 [Thread-3] INFO  com.zaxxer.hikari.HikariDataSource - HikariPool-1 - Shutdown completed.
