2019-08-30 10:57:37.836 [restartedMain] INFO  com.payProject.application - Starting application on DESKTOP-7NQ821V with PID 10508 (C:\Users\ADMIN\git\new\payproduct\parProject\target\classes started by ADMIN in C:\Users\ADMIN\git\new\payproduct\parProject)
2019-08-30 10:57:37.839 [restartedMain] INFO  com.payProject.application - No active profile set, falling back to default profiles: default
2019-08-30 10:57:37.883 [restartedMain] INFO  o.s.b.d.env.DevToolsPropertyDefaultsPostProcessor - Devtools property defaults active! Set 'spring.devtools.add-properties' to 'false' to disable
2019-08-30 10:57:37.885 [restartedMain] INFO  o.s.b.d.env.DevToolsPropertyDefaultsPostProcessor - For additional web related logging consider setting the 'logging.level.web' property to 'DEBUG'
2019-08-30 10:57:39.049 [restartedMain] INFO  o.s.d.r.config.RepositoryConfigurationDelegate - Multiple Spring Data modules found, entering strict repository configuration mode!
2019-08-30 10:57:39.051 [restartedMain] INFO  o.s.d.r.config.RepositoryConfigurationDelegate - Bootstrapping Spring Data repositories in DEFAULT mode.
2019-08-30 10:57:39.117 [restartedMain] INFO  o.s.d.r.config.RepositoryConfigurationDelegate - Finished Spring Data repository scanning in 55ms. Found 0 repository interfaces.
2019-08-30 10:57:39.135 [restartedMain] INFO  o.s.d.r.config.RepositoryConfigurationDelegate - Multiple Spring Data modules found, entering strict repository configuration mode!
2019-08-30 10:57:39.137 [restartedMain] INFO  o.s.d.r.config.RepositoryConfigurationDelegate - Bootstrapping Spring Data repositories in DEFAULT mode.
2019-08-30 10:57:39.182 [restartedMain] INFO  o.s.d.r.config.RepositoryConfigurationDelegate - Finished Spring Data repository scanning in 35ms. Found 0 repository interfaces.
2019-08-30 10:57:39.724 [restartedMain] INFO  o.s.c.s.PostProcessorRegistrationDelegate$BeanPostProcessorChecker - Bean 'org.springframework.transaction.annotation.ProxyTransactionManagementConfiguration' of type [org.springframework.transaction.annotation.ProxyTransactionManagementConfiguration$$EnhancerBySpringCGLIB$$6ff490ba] is not eligible for getting processed by all BeanPostProcessors (for example: not eligible for auto-proxying)
2019-08-30 10:57:39.857 [restartedMain] INFO  o.s.c.s.PostProcessorRegistrationDelegate$BeanPostProcessorChecker - Bean 'redisConfig' of type [com.payProject.config.redis.RedisConfig$$EnhancerBySpringCGLIB$$7f4024cd] is not eligible for getting processed by all BeanPostProcessors (for example: not eligible for auto-proxying)
2019-08-30 10:57:39.888 [restartedMain] INFO  o.s.c.s.PostProcessorRegistrationDelegate$BeanPostProcessorChecker - Bean 'shiroConfig' of type [com.payProject.system.shiro.ShiroConfig$$EnhancerBySpringCGLIB$$f89e0006] is not eligible for getting processed by all BeanPostProcessors (for example: not eligible for auto-proxying)
2019-08-30 10:57:40.260 [restartedMain] INFO  o.s.c.s.PostProcessorRegistrationDelegate$BeanPostProcessorChecker - Bean 'org.springframework.boot.autoconfigure.data.redis.RedisAutoConfiguration' of type [org.springframework.boot.autoconfigure.data.redis.RedisAutoConfiguration$$EnhancerBySpringCGLIB$$658bbbf6] is not eligible for getting processed by all BeanPostProcessors (for example: not eligible for auto-proxying)
2019-08-30 10:57:40.283 [restartedMain] INFO  o.s.c.s.PostProcessorRegistrationDelegate$BeanPostProcessorChecker - Bean 'spring.redis-org.springframework.boot.autoconfigure.data.redis.RedisProperties' of type [org.springframework.boot.autoconfigure.data.redis.RedisProperties] is not eligible for getting processed by all BeanPostProcessors (for example: not eligible for auto-proxying)
2019-08-30 10:57:40.289 [restartedMain] INFO  o.s.c.s.PostProcessorRegistrationDelegate$BeanPostProcessorChecker - Bean 'org.springframework.boot.autoconfigure.data.redis.LettuceConnectionConfiguration' of type [org.springframework.boot.autoconfigure.data.redis.LettuceConnectionConfiguration$$EnhancerBySpringCGLIB$$850e4f04] is not eligible for getting processed by all BeanPostProcessors (for example: not eligible for auto-proxying)
2019-08-30 10:57:40.421 [restartedMain] INFO  o.s.c.s.PostProcessorRegistrationDelegate$BeanPostProcessorChecker - Bean 'lettuceClientResources' of type [io.lettuce.core.resource.DefaultClientResources] is not eligible for getting processed by all BeanPostProcessors (for example: not eligible for auto-proxying)
2019-08-30 10:57:40.504 [restartedMain] INFO  o.s.c.s.PostProcessorRegistrationDelegate$BeanPostProcessorChecker - Bean 'redisConnectionFactory' of type [org.springframework.data.redis.connection.lettuce.LettuceConnectionFactory] is not eligible for getting processed by all BeanPostProcessors (for example: not eligible for auto-proxying)
2019-08-30 10:57:40.526 [restartedMain] INFO  o.s.c.s.PostProcessorRegistrationDelegate$BeanPostProcessorChecker - Bean 'stringRedisTemplate' of type [org.springframework.data.redis.core.StringRedisTemplate] is not eligible for getting processed by all BeanPostProcessors (for example: not eligible for auto-proxying)
2019-08-30 10:57:40.560 [restartedMain] INFO  o.s.c.s.PostProcessorRegistrationDelegate$BeanPostProcessorChecker - Bean 'MyHashedCredentialsMatcher' of type [com.payProject.system.shiro.MyHashedCredentialsMatcher] is not eligible for getting processed by all BeanPostProcessors (for example: not eligible for auto-proxying)
2019-08-30 10:57:40.580 [restartedMain] INFO  o.s.c.s.PostProcessorRegistrationDelegate$BeanPostProcessorChecker - Bean 'mybatis-org.mybatis.spring.boot.autoconfigure.MybatisProperties' of type [org.mybatis.spring.boot.autoconfigure.MybatisProperties] is not eligible for getting processed by all BeanPostProcessors (for example: not eligible for auto-proxying)
2019-08-30 10:57:40.588 [restartedMain] INFO  o.s.c.s.PostProcessorRegistrationDelegate$BeanPostProcessorChecker - Bean 'org.mybatis.spring.boot.autoconfigure.MybatisAutoConfiguration' of type [org.mybatis.spring.boot.autoconfigure.MybatisAutoConfiguration$$EnhancerBySpringCGLIB$$a2c8e1ea] is not eligible for getting processed by all BeanPostProcessors (for example: not eligible for auto-proxying)
2019-08-30 10:57:40.592 [restartedMain] INFO  o.s.c.s.PostProcessorRegistrationDelegate$BeanPostProcessorChecker - Bean 'org.springframework.boot.autoconfigure.jdbc.DataSourceConfiguration$Hikari' of type [org.springframework.boot.autoconfigure.jdbc.DataSourceConfiguration$Hikari$$EnhancerBySpringCGLIB$$b073faa7] is not eligible for getting processed by all BeanPostProcessors (for example: not eligible for auto-proxying)
2019-08-30 10:57:40.601 [restartedMain] INFO  o.s.c.s.PostProcessorRegistrationDelegate$BeanPostProcessorChecker - Bean 'spring.datasource-org.springframework.boot.autoconfigure.jdbc.DataSourceProperties' of type [org.springframework.boot.autoconfigure.jdbc.DataSourceProperties] is not eligible for getting processed by all BeanPostProcessors (for example: not eligible for auto-proxying)
2019-08-30 10:57:40.643 [restartedMain] INFO  o.s.c.s.PostProcessorRegistrationDelegate$BeanPostProcessorChecker - Bean 'dataSource' of type [com.zaxxer.hikari.HikariDataSource] is not eligible for getting processed by all BeanPostProcessors (for example: not eligible for auto-proxying)
2019-08-30 10:57:40.656 [restartedMain] INFO  o.s.c.s.PostProcessorRegistrationDelegate$BeanPostProcessorChecker - Bean 'org.springframework.boot.autoconfigure.jdbc.DataSourceInitializerInvoker' of type [org.springframework.boot.autoconfigure.jdbc.DataSourceInitializerInvoker] is not eligible for getting processed by all BeanPostProcessors (for example: not eligible for auto-proxying)
2019-08-30 10:57:40.697 [restartedMain] INFO  o.s.c.s.PostProcessorRegistrationDelegate$BeanPostProcessorChecker - Bean 'sqlSessionFactory' of type [org.apache.ibatis.session.defaults.DefaultSqlSessionFactory] is not eligible for getting processed by all BeanPostProcessors (for example: not eligible for auto-proxying)
2019-08-30 10:57:40.704 [restartedMain] INFO  o.s.c.s.PostProcessorRegistrationDelegate$BeanPostProcessorChecker - Bean 'sqlSessionTemplate' of type [org.mybatis.spring.SqlSessionTemplate] is not eligible for getting processed by all BeanPostProcessors (for example: not eligible for auto-proxying)
2019-08-30 10:57:40.826 [restartedMain] INFO  o.s.c.s.PostProcessorRegistrationDelegate$BeanPostProcessorChecker - Bean 'userMapper' of type [org.mybatis.spring.mapper.MapperFactoryBean] is not eligible for getting processed by all BeanPostProcessors (for example: not eligible for auto-proxying)
2019-08-30 10:57:40.829 [restartedMain] INFO  o.s.c.s.PostProcessorRegistrationDelegate$BeanPostProcessorChecker - Bean 'userMapper' of type [com.sun.proxy.$Proxy74] is not eligible for getting processed by all BeanPostProcessors (for example: not eligible for auto-proxying)
2019-08-30 10:57:40.847 [restartedMain] INFO  o.s.c.s.PostProcessorRegistrationDelegate$BeanPostProcessorChecker - Bean 'resourcesMapper' of type [org.mybatis.spring.mapper.MapperFactoryBean] is not eligible for getting processed by all BeanPostProcessors (for example: not eligible for auto-proxying)
2019-08-30 10:57:40.849 [restartedMain] INFO  o.s.c.s.PostProcessorRegistrationDelegate$BeanPostProcessorChecker - Bean 'resourcesMapper' of type [com.sun.proxy.$Proxy75] is not eligible for getting processed by all BeanPostProcessors (for example: not eligible for auto-proxying)
2019-08-30 10:57:40.863 [restartedMain] INFO  o.s.c.s.PostProcessorRegistrationDelegate$BeanPostProcessorChecker - Bean 'roleMapper' of type [org.mybatis.spring.mapper.MapperFactoryBean] is not eligible for getting processed by all BeanPostProcessors (for example: not eligible for auto-proxying)
2019-08-30 10:57:40.864 [restartedMain] INFO  o.s.c.s.PostProcessorRegistrationDelegate$BeanPostProcessorChecker - Bean 'roleMapper' of type [com.sun.proxy.$Proxy76] is not eligible for getting processed by all BeanPostProcessors (for example: not eligible for auto-proxying)
2019-08-30 10:57:40.866 [restartedMain] INFO  o.s.c.s.PostProcessorRegistrationDelegate$BeanPostProcessorChecker - Bean 'myShiroRealm' of type [com.payProject.system.shiro.MyShiroRealm] is not eligible for getting processed by all BeanPostProcessors (for example: not eligible for auto-proxying)
2019-08-30 10:57:40.888 [restartedMain] INFO  o.s.c.s.PostProcessorRegistrationDelegate$BeanPostProcessorChecker - Bean 'redisSessionDAO' of type [org.crazycake.shiro.RedisSessionDAO] is not eligible for getting processed by all BeanPostProcessors (for example: not eligible for auto-proxying)
2019-08-30 10:57:40.892 [restartedMain] INFO  o.s.c.s.PostProcessorRegistrationDelegate$BeanPostProcessorChecker - Bean 'sessionManager' of type [org.apache.shiro.web.session.mgt.DefaultWebSessionManager] is not eligible for getting processed by all BeanPostProcessors (for example: not eligible for auto-proxying)
2019-08-30 10:57:40.898 [restartedMain] INFO  o.s.c.s.PostProcessorRegistrationDelegate$BeanPostProcessorChecker - Bean 'securityManager' of type [org.apache.shiro.web.mgt.DefaultWebSecurityManager] is not eligible for getting processed by all BeanPostProcessors (for example: not eligible for auto-proxying)
2019-08-30 10:57:40.907 [restartedMain] INFO  com.payProject.system.shiro.ShiroConfig - ---shiroFilter---:shiro过滤器发挥作用
2019-08-30 10:57:40.910 [restartedMain] INFO  com.payProject.system.shiro.ShiroConfig - ---------------------shiroFilter--------------------:shiro过滤器发挥作用------->权限过滤器
2019-08-30 10:57:41.295 [restartedMain] INFO  o.s.boot.web.embedded.tomcat.TomcatWebServer - Tomcat initialized with port(s): 8012 (http)
2019-08-30 10:57:41.309 [restartedMain] INFO  org.apache.coyote.http11.Http11NioProtocol - Initializing ProtocolHandler ["http-nio-8012"]
2019-08-30 10:57:41.320 [restartedMain] INFO  org.apache.catalina.core.StandardService - Starting service [Tomcat]
2019-08-30 10:57:41.320 [restartedMain] INFO  org.apache.catalina.core.StandardEngine - Starting Servlet engine: [Apache Tomcat/9.0.21]
2019-08-30 10:57:41.576 [restartedMain] INFO  org.apache.jasper.servlet.TldScanner - At least one JAR was scanned for TLDs yet contained no TLDs. Enable debug logging for this logger for a complete list of JARs that were scanned but no TLDs were found in them. Skipping unneeded JARs during scanning can improve startup time and JSP compilation time.
2019-08-30 10:57:41.581 [restartedMain] INFO  o.a.c.core.ContainerBase.[Tomcat].[localhost].[/] - Initializing Spring embedded WebApplicationContext
2019-08-30 10:57:41.581 [restartedMain] INFO  org.springframework.web.context.ContextLoader - Root WebApplicationContext: initialization completed in 3696 ms
2019-08-30 10:57:41.661 [restartedMain] INFO  com.payProject.config.listener.ContextListener - ------SpringBootListener------:监听器发挥作用,上下文已启动,这里可以用来加载缓存数据,数据字典,初始化配置文件
2019-08-30 10:57:41.766 [restartedMain] INFO  com.zaxxer.hikari.HikariDataSource - HikariPool-1 - Starting...
2019-08-30 10:57:41.965 [restartedMain] INFO  com.zaxxer.hikari.HikariDataSource - HikariPool-1 - Start completed.
2019-08-30 10:57:42.057 [restartedMain] INFO  org.hibernate.jpa.internal.util.LogHelper - HHH000204: Processing PersistenceUnitInfo [
	name: default
	...]
2019-08-30 10:57:42.152 [restartedMain] INFO  org.hibernate.Version - HHH000412: Hibernate Core {5.3.10.Final}
2019-08-30 10:57:42.153 [restartedMain] INFO  org.hibernate.cfg.Environment - HHH000206: hibernate.properties not found
2019-08-30 10:57:42.305 [restartedMain] INFO  org.hibernate.annotations.common.Version - HCANN000001: Hibernate Commons Annotations {5.0.4.Final}
2019-08-30 10:57:42.501 [restartedMain] INFO  org.hibernate.dialect.Dialect - HHH000400: Using dialect: org.hibernate.dialect.MySQL5Dialect
2019-08-30 10:57:42.802 [restartedMain] INFO  o.s.orm.jpa.LocalContainerEntityManagerFactoryBean - Initialized JPA EntityManagerFactory for persistence unit 'default'
2019-08-30 10:57:42.838 [restartedMain] INFO  com.payProject.config.listener.EnvironmentConfig - 操作系统的名称：Windows 10
2019-08-30 10:57:42.839 [restartedMain] INFO  com.payProject.config.listener.EnvironmentConfig - 操作系统的构架：amd64
2019-08-30 10:57:42.839 [restartedMain] INFO  com.payProject.config.listener.EnvironmentConfig - 操作系统的版本：10.0
2019-08-30 10:57:42.839 [restartedMain] INFO  com.payProject.config.listener.EnvironmentConfig - 配置信息获取：jdbc:mysql://127.0.0.1:3306/payproject?characterEncoding=UTF-8
2019-08-30 10:57:43.538 [restartedMain] INFO  o.s.scheduling.concurrent.ThreadPoolTaskExecutor - Initializing ExecutorService 'applicationTaskExecutor'
2019-08-30 10:57:43.588 [restartedMain] INFO  com.payProject.config.interceptor.WebConfiguration - --------------------->>加载自定义拦截器-----
2019-08-30 10:57:43.591 [restartedMain] WARN  o.s.b.a.o.j.JpaBaseConfiguration$JpaWebConfiguration$JpaWebMvcConfiguration - spring.jpa.open-in-view is enabled by default. Therefore, database queries may be performed during view rendering. Explicitly configure spring.jpa.open-in-view to disable this warning
2019-08-30 10:57:43.699 [restartedMain] INFO  o.s.b.a.web.servlet.WelcomePageHandlerMapping - Adding welcome page template: index
2019-08-30 10:57:44.099 [restartedMain] WARN  o.s.b.d.autoconfigure.OptionalLiveReloadServer - Unable to start LiveReload server
2019-08-30 10:57:44.136 [restartedMain] INFO  org.apache.coyote.http11.Http11NioProtocol - Starting ProtocolHandler ["http-nio-8012"]
2019-08-30 10:57:44.171 [restartedMain] INFO  o.s.boot.web.embedded.tomcat.TomcatWebServer - Tomcat started on port(s): 8012 (http) with context path ''
2019-08-30 10:57:44.174 [restartedMain] INFO  com.payProject.application - Started application in 6.609 seconds (JVM running for 7.128)
2019-08-30 10:59:24.924 [http-nio-8012-exec-1] INFO  o.a.c.core.ContainerBase.[Tomcat].[localhost].[/] - Initializing Spring DispatcherServlet 'dispatcherServlet'
2019-08-30 10:59:24.924 [http-nio-8012-exec-1] INFO  org.springframework.web.servlet.DispatcherServlet - Initializing Servlet 'dispatcherServlet'
2019-08-30 10:59:24.939 [http-nio-8012-exec-1] INFO  org.springframework.web.servlet.DispatcherServlet - Completed initialization in 15 ms
2019-08-30 10:59:24.960 [http-nio-8012-exec-1] INFO  o.a.s.session.mgt.AbstractValidatingSessionManager - Enabling session validation scheduler...
2019-08-30 10:59:25.154 [http-nio-8012-exec-2] INFO  com.payProject.config.interceptor.MyInterceptor - MyInterceptor01--->postHandle()执行控制器之后且在渲染视图前调用此方法....
2019-08-30 10:59:25.845 [http-nio-8012-exec-8] INFO  com.payProject.config.interceptor.MyInterceptor - MyInterceptor01--->postHandle()执行控制器之后且在渲染视图前调用此方法....
2019-08-30 10:59:25.845 [http-nio-8012-exec-3] INFO  com.payProject.config.interceptor.MyInterceptor - MyInterceptor01--->postHandle()执行控制器之后且在渲染视图前调用此方法....
2019-08-30 10:59:25.845 [http-nio-8012-exec-7] INFO  com.payProject.config.interceptor.MyInterceptor - MyInterceptor01--->postHandle()执行控制器之后且在渲染视图前调用此方法....
2019-08-30 10:59:25.845 [http-nio-8012-exec-6] INFO  com.payProject.config.interceptor.MyInterceptor - MyInterceptor01--->postHandle()执行控制器之后且在渲染视图前调用此方法....
2019-08-30 10:59:25.846 [http-nio-8012-exec-4] INFO  com.payProject.config.interceptor.MyInterceptor - MyInterceptor01--->postHandle()执行控制器之后且在渲染视图前调用此方法....
2019-08-30 10:59:25.847 [http-nio-8012-exec-5] INFO  com.payProject.config.interceptor.MyInterceptor - MyInterceptor01--->postHandle()执行控制器之后且在渲染视图前调用此方法....
2019-08-30 10:59:25.878 [http-nio-8012-exec-10] INFO  com.payProject.config.interceptor.MyInterceptor - MyInterceptor01--->postHandle()执行控制器之后且在渲染视图前调用此方法....
2019-08-30 10:59:25.879 [http-nio-8012-exec-9] INFO  com.payProject.config.interceptor.MyInterceptor - MyInterceptor01--->postHandle()执行控制器之后且在渲染视图前调用此方法....
2019-08-30 10:59:25.884 [http-nio-8012-exec-5] INFO  com.payProject.config.interceptor.MyInterceptor - MyInterceptor01--->postHandle()执行控制器之后且在渲染视图前调用此方法....
2019-08-30 10:59:25.922 [http-nio-8012-exec-2] INFO  com.payProject.config.interceptor.MyInterceptor - MyInterceptor01--->postHandle()执行控制器之后且在渲染视图前调用此方法....
2019-08-30 10:59:25.938 [http-nio-8012-exec-6] INFO  com.payProject.config.interceptor.MyInterceptor - MyInterceptor01--->postHandle()执行控制器之后且在渲染视图前调用此方法....
2019-08-30 10:59:25.945 [http-nio-8012-exec-8] INFO  com.payProject.config.interceptor.MyInterceptor - MyInterceptor01--->postHandle()执行控制器之后且在渲染视图前调用此方法....
2019-08-30 10:59:26.028 [http-nio-8012-exec-3] INFO  com.payProject.config.interceptor.MyInterceptor - MyInterceptor01--->postHandle()执行控制器之后且在渲染视图前调用此方法....
2019-08-30 10:59:26.066 [http-nio-8012-exec-4] INFO  com.payProject.config.interceptor.MyInterceptor - MyInterceptor01--->postHandle()执行控制器之后且在渲染视图前调用此方法....
2019-08-30 10:59:32.635 [http-nio-8012-exec-1] DEBUG c.p.system.mapper.UserMapper.selectByExample - ==>  Preparing: select 'false' as QUERYID, id, userId, userName, userPassword, userSalt, userMail, userPhone, userQQ, userWechar, userType, userAddress, userCity, createTime, submitTime, submitSystem, payPassword, status, retain1, retain2, retain3, retain4, retain5, retain6, retain7, retain8, retain9, retain10 from system_user WHERE ( userId = ? ) 
2019-08-30 10:59:32.655 [http-nio-8012-exec-1] DEBUG c.p.system.mapper.UserMapper.selectByExample - ==> Parameters: 7752784115(String)
2019-08-30 10:59:32.715 [http-nio-8012-exec-1] DEBUG c.p.system.mapper.UserMapper.selectByExample - <==      Total: 1
2019-08-30 10:59:32.837 [http-nio-8012-exec-1] INFO  io.lettuce.core.EpollProvider - Starting without optional epoll library
2019-08-30 10:59:32.839 [http-nio-8012-exec-1] INFO  io.lettuce.core.KqueueProvider - Starting without optional kqueue library
2019-08-30 10:59:33.172 [http-nio-8012-exec-1] INFO  com.payProject.system.contorller.LoginContorller - 7752784115--------------->登录成功
2019-08-30 10:59:33.214 [http-nio-8012-exec-1] INFO  com.payProject.config.interceptor.MyInterceptor - MyInterceptor01--->postHandle()执行控制器之后且在渲染视图前调用此方法....
2019-08-30 10:59:33.277 [http-nio-8012-exec-1] DEBUG c.p.s.mapper.ResourcesMapper.findResourceByUserId - ==>  Preparing: /*根据用户信息用户对应的资源信息*/ SELECT r.* FROM system_resources r WHERE r.resourcesId IN (SELECT rr.resourcesId FROM system_role_resources rr WHERE rr.roleId IN (SELECT ur.role FROM system_user_role ur WHERE ur.userId IN ( SELECT id FROM SYSTEM_USER WHERE USERId = ? ))) 
2019-08-30 10:59:33.278 [http-nio-8012-exec-1] DEBUG c.p.s.mapper.ResourcesMapper.findResourceByUserId - ==> Parameters: 7752784115(String)
2019-08-30 10:59:33.395 [http-nio-8012-exec-1] DEBUG c.p.s.mapper.ResourcesMapper.findResourceByUserId - <==      Total: 21
2019-08-30 10:59:33.396 [http-nio-8012-exec-1] INFO  com.payProject.config.interceptor.MyInterceptor - MyInterceptor01--->postHandle()执行控制器之后且在渲染视图前调用此方法....
2019-08-30 10:59:33.807 [http-nio-8012-exec-8] INFO  com.payProject.config.interceptor.MyInterceptor - MyInterceptor01--->postHandle()执行控制器之后且在渲染视图前调用此方法....
2019-08-30 10:59:33.815 [http-nio-8012-exec-10] INFO  com.payProject.config.interceptor.MyInterceptor - MyInterceptor01--->postHandle()执行控制器之后且在渲染视图前调用此方法....
2019-08-30 10:59:33.826 [http-nio-8012-exec-9] INFO  com.payProject.config.interceptor.MyInterceptor - MyInterceptor01--->postHandle()执行控制器之后且在渲染视图前调用此方法....
2019-08-30 10:59:33.835 [http-nio-8012-exec-2] INFO  com.payProject.config.interceptor.MyInterceptor - MyInterceptor01--->postHandle()执行控制器之后且在渲染视图前调用此方法....
2019-08-30 10:59:33.845 [http-nio-8012-exec-6] INFO  com.payProject.config.interceptor.MyInterceptor - MyInterceptor01--->postHandle()执行控制器之后且在渲染视图前调用此方法....
2019-08-30 10:59:33.848 [http-nio-8012-exec-8] INFO  com.payProject.config.interceptor.MyInterceptor - MyInterceptor01--->postHandle()执行控制器之后且在渲染视图前调用此方法....
2019-08-30 10:59:33.850 [http-nio-8012-exec-5] INFO  com.payProject.config.interceptor.MyInterceptor - MyInterceptor01--->postHandle()执行控制器之后且在渲染视图前调用此方法....
2019-08-30 10:59:33.934 [http-nio-8012-exec-3] INFO  com.payProject.config.interceptor.MyInterceptor - MyInterceptor01--->postHandle()执行控制器之后且在渲染视图前调用此方法....
2019-08-30 10:59:33.947 [http-nio-8012-exec-7] INFO  com.payProject.config.interceptor.MyInterceptor - MyInterceptor01--->postHandle()执行控制器之后且在渲染视图前调用此方法....
2019-08-30 10:59:33.951 [http-nio-8012-exec-4] INFO  com.payProject.config.interceptor.MyInterceptor - MyInterceptor01--->postHandle()执行控制器之后且在渲染视图前调用此方法....
2019-08-30 10:59:33.958 [http-nio-8012-exec-1] INFO  com.payProject.config.interceptor.MyInterceptor - MyInterceptor01--->postHandle()执行控制器之后且在渲染视图前调用此方法....
2019-08-30 10:59:33.994 [http-nio-8012-exec-10] INFO  com.payProject.config.interceptor.MyInterceptor - MyInterceptor01--->postHandle()执行控制器之后且在渲染视图前调用此方法....
2019-08-30 10:59:34.192 [http-nio-8012-exec-6] INFO  com.payProject.config.interceptor.MyInterceptor - MyInterceptor01--->postHandle()执行控制器之后且在渲染视图前调用此方法....
2019-08-30 10:59:34.193 [http-nio-8012-exec-9] INFO  com.payProject.config.interceptor.MyInterceptor - MyInterceptor01--->postHandle()执行控制器之后且在渲染视图前调用此方法....
2019-08-30 10:59:34.194 [http-nio-8012-exec-8] INFO  com.payProject.config.interceptor.MyInterceptor - MyInterceptor01--->postHandle()执行控制器之后且在渲染视图前调用此方法....
2019-08-30 10:59:34.195 [http-nio-8012-exec-2] INFO  com.payProject.config.interceptor.MyInterceptor - MyInterceptor01--->postHandle()执行控制器之后且在渲染视图前调用此方法....
2019-08-30 10:59:34.199 [http-nio-8012-exec-5] INFO  com.payProject.config.interceptor.MyInterceptor - MyInterceptor01--->postHandle()执行控制器之后且在渲染视图前调用此方法....
2019-08-30 10:59:34.201 [http-nio-8012-exec-3] INFO  com.payProject.config.interceptor.MyInterceptor - MyInterceptor01--->postHandle()执行控制器之后且在渲染视图前调用此方法....
2019-08-30 10:59:34.242 [http-nio-8012-exec-5] INFO  com.payProject.config.interceptor.MyInterceptor - MyInterceptor01--->postHandle()执行控制器之后且在渲染视图前调用此方法....
2019-08-30 10:59:34.267 [http-nio-8012-exec-4] INFO  com.payProject.config.interceptor.MyInterceptor - MyInterceptor01--->postHandle()执行控制器之后且在渲染视图前调用此方法....
2019-08-30 10:59:34.273 [http-nio-8012-exec-5] INFO  com.payProject.config.interceptor.MyInterceptor - MyInterceptor01--->postHandle()执行控制器之后且在渲染视图前调用此方法....
2019-08-30 10:59:34.279 [http-nio-8012-exec-10] INFO  com.payProject.config.interceptor.MyInterceptor - MyInterceptor01--->postHandle()执行控制器之后且在渲染视图前调用此方法....
2019-08-30 11:59:24.963 [SessionValidationThread-1] INFO  o.a.s.session.mgt.AbstractValidatingSessionManager - Validating all active sessions...
2019-08-30 11:59:24.989 [SessionValidationThread-1] INFO  o.a.s.session.mgt.AbstractValidatingSessionManager - Finished session validation.  No sessions were stopped.
2019-08-30 12:59:24.962 [SessionValidationThread-1] INFO  o.a.s.session.mgt.AbstractValidatingSessionManager - Validating all active sessions...
2019-08-30 12:59:24.966 [SessionValidationThread-1] INFO  o.a.s.session.mgt.AbstractValidatingSessionManager - Finished session validation.  No sessions were stopped.
2019-08-30 13:59:24.966 [SessionValidationThread-1] INFO  o.a.s.session.mgt.AbstractValidatingSessionManager - Validating all active sessions...
2019-08-30 13:59:24.973 [SessionValidationThread-1] INFO  o.a.s.session.mgt.AbstractValidatingSessionManager - Finished session validation.  No sessions were stopped.
2019-08-30 14:59:24.962 [SessionValidationThread-1] INFO  o.a.s.session.mgt.AbstractValidatingSessionManager - Validating all active sessions...
2019-08-30 14:59:24.967 [SessionValidationThread-1] INFO  o.a.s.session.mgt.AbstractValidatingSessionManager - Finished session validation.  No sessions were stopped.
